MPASM 5.84                          LCD_.ASM   12-10-2021  12:40:55         PAGE  1


LOC  OBJECT CODE     LINE SOURCE TEXT
  VALUE

                      00001         list            p=16f877A       
                      00002         #include        <p16f877A.inc>  
                      00001         LIST
                      00002 
                      00003 ;==========================================================================
                      00004 ; Build date : Mar 17 2019
                      00005 ;  MPASM PIC16F877A processor include
                      00006 ; 
                      00007 ;  (c) Copyright 1999-2019 Microchip Technology, All rights reserved
                      00008 ;==========================================================================
                      00009 
                      00567         LIST
                      00003         
2007   3F31           00004         __CONFIG H'3F31'
                      00005         
  00000020            00006 G1      EQU 0x20
  00000021            00007 G2      EQU 0x21
  00000022            00008 VERI    EQU 0x22
  00000024            00009 TEMP    EQU 0x24
                      00010         
                      00011 ;***************************************************
                      00012             ORG 0x000
0000   0000           00013             NOP
0001   2???           00014             GOTO    BASLA
                      00015 ;********************************************************
                      00016             ORG 0x004
0004   0009           00017             RETFIE
                      00018 ;****************************************************
0005                  00019 GECIKME_20USN
0005   30C8           00020             MOVLW   0xC8
0006   00A0           00021             MOVWF   G1
0007                  00022 LOOP1
0007   0BA0           00023             DECFSZ  G1,1
0008   2???           00024             GOTO    LOOP1
0009   0008           00025             RETURN
                      00026 ;*****************************************************
000A                  00027 GECIKME_5MSN
000A   30E7           00028             MOVLW   0xE7
000B   00A0           00029             MOVWF   G1
                      00030             
000C   3004           00031             MOVLW   0x04
000D   00A1           00032             MOVWF   G2
000E                  00033 LOOP2
000E   0BA0           00034             DECFSZ  G1,1
000F   2???           00035             GOTO    LOOP2
                      00036             
0010   0BA1           00037             DECFSZ  G2,1
0011   2???           00038             GOTO    LOOP2
0012   0008           00039             RETURN
                      00040 ;******************************************************************
0013                  00041 GECIKME_50MSN
0013   300F           00042             MOVLW   0x0F
0014   00A0           00043             MOVWF   G1
MPASM 5.84                          LCD_.ASM   12-10-2021  12:40:55         PAGE  2


LOC  OBJECT CODE     LINE SOURCE TEXT
  VALUE

                      00044             
0015   3028           00045             MOVLW   0x28
0016   00A1           00046             MOVWF   G2
0017                  00047 LOOP3
0017   0BA0           00048             DECFSZ  G1,1
0018   2???           00049             GOTO    LOOP3
                      00050             
0019   0BA1           00051             DECFSZ  G2,1
001A   2???           00052             GOTO    LOOP3
001B   0008           00053             RETURN
                      00054 ;***************************************************************************
001C                  00055 TETIK
001C   1283 1303      00056             BANKSEL PORTB
001E   1686           00057             BSF     PORTB,5
001F   2???           00058             CALL    GECIKME_20USN
0020   1286           00059             BCF     PORTB,5
                      00060             
0021   0008           00061             RETURN
                      00062 ;********************************************************
0022                  00063 GONDER
0022   00A2           00064             MOVWF   VERI
0023   0E22           00065             SWAPF   VERI,W
                      00066             
0024   390F           00067             ANDLW   0x0F
0025   00A4           00068             MOVWF   TEMP
                      00069             
0026   0806           00070             MOVF    PORTB,W
0027   39F0           00071             ANDLW   0xF0
                      00072             
0028   0424           00073             IORWF   TEMP,W
0029   0086           00074             MOVWF   PORTB
002A   2???           00075             CALL    TETIK
                      00076             
002B   0822           00077             MOVF    VERI,W
                      00078             
002C   390F           00079             ANDLW   0x0F
002D   00A4           00080             MOVWF   TEMP
                      00081             
002E   0806           00082             MOVF    PORTB,W
002F   39F0           00083             ANDLW   0xF0
                      00084             
0030   0424           00085             IORWF   TEMP,W
0031   0086           00086             MOVWF   PORTB
0032   2???           00087             CALL    TETIK
0033   0008           00088             RETURN
                      00089 ;*********************************************
0034                  00090 LCD_AYAR
0034   1683 1303      00091             BANKSEL TRISB
Message[302]: Register in operand not in bank 0.  Ensure that bank bits are correct.
0036   0186           00092             CLRF    TRISB
0037   1283 1303      00093             BANKSEL PORTB
0039   0186           00094             CLRF    PORTB
                      00095             
MPASM 5.84                          LCD_.ASM   12-10-2021  12:40:55         PAGE  3


LOC  OBJECT CODE     LINE SOURCE TEXT
  VALUE

003A   1206           00096             BCF     PORTB,4
003B   2???           00097             CALL    TETIK
003C   2???           00098             CALL    GECIKME_20USN
                      00099             
003D   2???           00100             CALL    TETIK
003E   2???           00101             CALL    GECIKME_20USN
                      00102             
003F   3002           00103             MOVLW   0x02
0040   2???           00104             CALL    GONDER
                      00105             
0041   3028           00106             MOVLW   0x28
0042   2???           00107             CALL    GONDER
                      00108             
0043   3010           00109             MOVLW   0x10
0044   2???           00110             CALL    GONDER
                      00111             
0045   300D           00112             MOVLW   0x0D
0046   2???           00113             CALL    GONDER
                      00114             
0047   3001           00115             MOVLW   0x01
0048   2???           00116             CALL    GONDER
                      00117             
0049   3006           00118             MOVLW   0x06
004A   2???           00119             CALL    GONDER
004B   0008           00120             RETURN
                      00121 ;********************************************************
004C                  00122 BASLA
004C   2???           00123             CALL    LCD_AYAR
                      00124             
004D   1606           00125             BSF     PORTB,4
004E   3041           00126             MOVLW   0x41
004F   2???           00127             CALL    GONDER
0050                  00128 DON
0050   2???           00129             GOTO    DON
3F31                  00130             END
MPASM 5.84                          LCD_.ASM   12-10-2021  12:40:55         PAGE  4


SYMBOL TABLE
  LABEL                             VALUE 

ACKDT                             00000005
ACKEN                             00000004
ACKSTAT                           00000006
ADCON0                            0000001F
ADCON1                            0000009F
ADCS0                             00000006
ADCS1                             00000007
ADCS2                             00000006
ADDEN                             00000003
ADFM                              00000007
ADIE                              00000006
ADIF                              00000006
ADON                              00000000
ADRESH                            0000001E
ADRESL                            0000009E
BASLA                             0000004C
BCLIE                             00000003
BCLIF                             00000003
BF                                00000000
BRGH                              00000002
C                                 00000000
C1INV                             00000004
C1OUT                             00000006
C2INV                             00000005
C2OUT                             00000007
CCP1CON                           00000017
CCP1IE                            00000002
CCP1IF                            00000002
CCP1M0                            00000000
CCP1M1                            00000001
CCP1M2                            00000002
CCP1M3                            00000003
CCP1X                             00000005
CCP1Y                             00000004
CCP2CON                           0000001D
CCP2IE                            00000000
CCP2IF                            00000000
CCP2M0                            00000000
CCP2M1                            00000001
CCP2M2                            00000002
CCP2M3                            00000003
CCP2X                             00000005
CCP2Y                             00000004
CCPR1                             00000015
CCPR1H                            00000016
CCPR1L                            00000015
CCPR2                             0000001B
CCPR2H                            0000001C
CCPR2L                            0000001B
CHS0                              00000003
CHS1                              00000004
CHS2                              00000005
CIS                               00000003
MPASM 5.84                          LCD_.ASM   12-10-2021  12:40:55         PAGE  5


SYMBOL TABLE
  LABEL                             VALUE 

CKE                               00000006
CKP                               00000004
CM0                               00000000
CM1                               00000001
CM2                               00000002
CMCON                             0000009C
CMIE                              00000006
CMIF                              00000006
CREN                              00000004
CSRC                              00000007
CVR0                              00000000
CVR1                              00000001
CVR2                              00000002
CVR3                              00000003
CVRCON                            0000009D
CVREN                             00000007
CVROE                             00000006
CVRR                              00000005
D                                 00000005
DATA_ADDRESS                      00000005
DC                                00000001
DON                               00000050
D_A                               00000005
D_NOT_A                           00000005
EEADR                             0000010D
EEADRH                            0000010F
EECON1                            0000018C
EECON2                            0000018D
EEDATA                            0000010C
EEDATH                            0000010E
EEIE                              00000004
EEIF                              00000004
EEPGD                             00000007
F                                 00000001
FERR                              00000002
FSR                               00000004
G1                                00000020
G2                                00000021
GCEN                              00000007
GECIKME_20USN                     00000005
GECIKME_50MSN                     00000013
GECIKME_5MSN                      0000000A
GIE                               00000007
GO                                00000002
GONDER                            00000022
GO_DONE                           00000002
GO_NOT_DONE                       00000002
I2C_DATA                          00000005
I2C_READ                          00000002
I2C_START                         00000003
I2C_STOP                          00000004
IBF                               00000007
IBOV                              00000005
MPASM 5.84                          LCD_.ASM   12-10-2021  12:40:55         PAGE  6


SYMBOL TABLE
  LABEL                             VALUE 

INDF                              00000000
INTCON                            0000000B
INTE                              00000004
INTEDG                            00000006
INTF                              00000001
IRP                               00000007
LCD_AYAR                          00000034
LOOP1                             00000007
LOOP2                             0000000E
LOOP3                             00000017
NOT_A                             00000005
NOT_ADDRESS                       00000005
NOT_BO                            00000000
NOT_BOR                           00000000
NOT_DONE                          00000002
NOT_PD                            00000003
NOT_POR                           00000001
NOT_RBPU                          00000007
NOT_RC8                           00000006
NOT_T1SYNC                        00000002
NOT_TO                            00000004
NOT_TX8                           00000006
NOT_W                             00000002
NOT_WRITE                         00000002
OBF                               00000006
OERR                              00000001
OPTION_REG                        00000081
P                                 00000004
PCFG0                             00000000
PCFG1                             00000001
PCFG2                             00000002
PCFG3                             00000003
PCL                               00000002
PCLATH                            0000000A
PCON                              0000008E
PEIE                              00000006
PEN                               00000002
PIE1                              0000008C
PIE2                              0000008D
PIR1                              0000000C
PIR2                              0000000D
PORTA                             00000005
PORTB                             00000006
PORTC                             00000007
PORTD                             00000008
PORTE                             00000009
PR2                               00000092
PS0                               00000000
PS1                               00000001
PS2                               00000002
PSA                               00000003
PSPIE                             00000007
PSPIF                             00000007
MPASM 5.84                          LCD_.ASM   12-10-2021  12:40:55         PAGE  7


SYMBOL TABLE
  LABEL                             VALUE 

PSPMODE                           00000004
R                                 00000002
RA0                               00000000
RA1                               00000001
RA2                               00000002
RA3                               00000003
RA4                               00000004
RA5                               00000005
RB0                               00000000
RB1                               00000001
RB2                               00000002
RB3                               00000003
RB4                               00000004
RB5                               00000005
RB6                               00000006
RB7                               00000007
RBIE                              00000003
RBIF                              00000000
RC0                               00000000
RC1                               00000001
RC2                               00000002
RC3                               00000003
RC4                               00000004
RC5                               00000005
RC6                               00000006
RC7                               00000007
RC8_9                             00000006
RC9                               00000006
RCD8                              00000000
RCEN                              00000003
RCIE                              00000005
RCIF                              00000005
RCREG                             0000001A
RCSTA                             00000018
RD                                00000000
RD0                               00000000
RD1                               00000001
RD2                               00000002
RD3                               00000003
RD4                               00000004
RD5                               00000005
RD6                               00000006
RD7                               00000007
RE0                               00000000
RE1                               00000001
RE2                               00000002
READ_WRITE                        00000002
RP0                               00000005
RP1                               00000006
RSEN                              00000001
RX9                               00000006
RX9D                              00000000
R_NOT_W                           00000002
MPASM 5.84                          LCD_.ASM   12-10-2021  12:40:55         PAGE  8


SYMBOL TABLE
  LABEL                             VALUE 

R_W                               00000002
S                                 00000003
SEN                               00000000
SMP                               00000007
SPBRG                             00000099
SPEN                              00000007
SREN                              00000005
SSPADD                            00000093
SSPBUF                            00000013
SSPCON                            00000014
SSPCON2                           00000091
SSPEN                             00000005
SSPIE                             00000003
SSPIF                             00000003
SSPM0                             00000000
SSPM1                             00000001
SSPM2                             00000002
SSPM3                             00000003
SSPOV                             00000006
SSPSTAT                           00000094
STATUS                            00000003
SYNC                              00000004
T0CS                              00000005
T0IE                              00000005
T0IF                              00000002
T0SE                              00000004
T1CKPS0                           00000004
T1CKPS1                           00000005
T1CON                             00000010
T1INSYNC                          00000002
T1OSCEN                           00000003
T1SYNC                            00000002
T2CKPS0                           00000000
T2CKPS1                           00000001
T2CON                             00000012
TEMP                              00000024
TETIK                             0000001C
TMR0                              00000001
TMR0IE                            00000005
TMR0IF                            00000002
TMR1                              0000000E
TMR1CS                            00000001
TMR1H                             0000000F
TMR1IE                            00000000
TMR1IF                            00000000
TMR1L                             0000000E
TMR1ON                            00000000
TMR2                              00000011
TMR2IE                            00000001
TMR2IF                            00000001
TMR2ON                            00000002
TOUTPS0                           00000003
TOUTPS1                           00000004
MPASM 5.84                          LCD_.ASM   12-10-2021  12:40:55         PAGE  9


SYMBOL TABLE
  LABEL                             VALUE 

TOUTPS2                           00000005
TOUTPS3                           00000006
TRISA                             00000085
TRISA0                            00000000
TRISA1                            00000001
TRISA2                            00000002
TRISA3                            00000003
TRISA4                            00000004
TRISA5                            00000005
TRISB                             00000086
TRISB0                            00000000
TRISB1                            00000001
TRISB2                            00000002
TRISB3                            00000003
TRISB4                            00000004
TRISB5                            00000005
TRISB6                            00000006
TRISB7                            00000007
TRISC                             00000087
TRISC0                            00000000
TRISC1                            00000001
TRISC2                            00000002
TRISC3                            00000003
TRISC4                            00000004
TRISC5                            00000005
TRISC6                            00000006
TRISC7                            00000007
TRISD                             00000088
TRISD0                            00000000
TRISD1                            00000001
TRISD2                            00000002
TRISD3                            00000003
TRISD4                            00000004
TRISD5                            00000005
TRISD6                            00000006
TRISD7                            00000007
TRISE                             00000089
TRISE0                            00000000
TRISE1                            00000001
TRISE2                            00000002
TRMT                              00000001
TX8_9                             00000006
TX9                               00000006
TX9D                              00000000
TXD8                              00000000
TXEN                              00000005
TXIE                              00000004
TXIF                              00000004
TXREG                             00000019
TXSTA                             00000098
UA                                00000001
VERI                              00000022
W                                 00000000
MPASM 5.84                          LCD_.ASM   12-10-2021  12:40:55         PAGE 10


SYMBOL TABLE
  LABEL                             VALUE 

WCOL                              00000007
WR                                00000001
WREN                              00000002
WRERR                             00000003
Z                                 00000002
_BODEN_OFF                        00003FBF
_BODEN_ON                         00003FFF
_BOREN_OFF                        00003FBF
_BOREN_ON                         00003FFF
_CONFIG                           00002007
_CPD_OFF                          00003FFF
_CPD_ON                           00003EFF
_CP_ALL                           00001FFF
_CP_OFF                           00003FFF
_CP_ON                            00001FFF
_DEBUG_OFF                        00003FFF
_DEBUG_ON                         000037FF
_DEVID1                           00002006
_FOSC_EXTRC                       00003FFF
_FOSC_HS                          00003FFE
_FOSC_LP                          00003FFC
_FOSC_XT                          00003FFD
_HS_OSC                           00003FFE
_IDLOC0                           00002000
_IDLOC1                           00002001
_IDLOC2                           00002002
_IDLOC3                           00002003
_LP_OSC                           00003FFC
_LVP_OFF                          00003F7F
_LVP_ON                           00003FFF
_PWRTE_OFF                        00003FFF
_PWRTE_ON                         00003FF7
_RC_OSC                           00003FFF
_WDTE_OFF                         00003FFB
_WDTE_ON                          00003FFF
_WDT_OFF                          00003FFB
_WDT_ON                           00003FFF
_WRT_1FOURTH                      00003BFF
_WRT_256                          00003DFF
_WRT_HALF                         000039FF
_WRT_OFF                          00003FFF
_XT_OSC                           00003FFD
__16F877A                         00000001
__DEBUG                           
__MPLAB_DEBUGGER_SIMULATOR        1

Errors   :     0
Warnings :     0 reported,     0 suppressed
Messages :     1 reported,     0 suppressed

