MPASM 5.84                   RB0_KESMESI.ASM   11-23-2021  23:36:58         PAGE  1


LOC  OBJECT CODE     LINE SOURCE TEXT
  VALUE

                      00001 ;;RB0 KESMESINDE SOLA KAYAN LED UYGULAMADI
                      00002         list            p=16f877A       
                      00003         #include        <p16f877A.inc>  
                      00001         LIST
                      00002 
                      00003 ;==========================================================================
                      00004 ; Build date : Mar 17 2019
                      00005 ;  MPASM PIC16F877A processor include
                      00006 ; 
                      00007 ;  (c) Copyright 1999-2019 Microchip Technology, All rights reserved
                      00008 ;==========================================================================
                      00009 
                      00567         LIST
                      00004         
2007   3F31           00005         __CONFIG    H'3F31'
                      00006 
  00000020            00007 SAYI        EQU 0x20
  00000021            00008 KACKEZ      EQU 0x21
                      00009             
  0000007D            00010 W_TEMP      EQU 0x7D
  0000007E            00011 STATUS_TEMP EQU 0x7E
  0000007F            00012 PCLATH_TEMP EQU 0x7F
                      00013  
                      00014     ORG     0x000
0000   0000           00015     NOP
0001   2???           00016     GOTO    BASLA   
                      00017 ;******************************************************************
                      00018     ORG 0x004
0004   00FD           00019     MOVWF       W_TEMP
0005   0803           00020     MOVF        STATUS,W
0006   00FE           00021     MOVWF       STATUS_TEMP
0007   080A           00022     MOVF        PCLATH,W
0008   00FF           00023     MOVWF       PCLATH_TEMP
                      00024     
0009   110B           00025     BCF         INTCON,T0IF
000A   3006           00026     MOVLW       0x06
000B   0081           00027     MOVWF       TMR0
                      00028     
                      00029         
000C   0BA1           00030     DECFSZ      KACKEZ,1
000D   0009           00031     RETFIE
000E   1F87           00032     BTFSS       PORTC,7
000F   2???           00033     CALL        ISLEM_TMR0
                      00034     
0010   1C8B           00035     BTFSS       INTCON,INTF
0011   2???           00036     GOTO        CIK
0012   2???           00037     CALL        ISLEM_RB0
                      00038 
0013                  00039 CIK
0013   178B           00040     BSF         INTCON,GIE
0014   087F           00041     MOVF        PCLATH_TEMP,W
0015   008A           00042     MOVWF       PCLATH
0016   087E           00043     MOVF        STATUS_TEMP,W
MPASM 5.84                   RB0_KESMESI.ASM   11-23-2021  23:36:58         PAGE  2


LOC  OBJECT CODE     LINE SOURCE TEXT
  VALUE

0017   0083           00044     MOVWF       STATUS
0018   0EFD           00045     SWAPF       W_TEMP,1
0019   0E7D           00046     SWAPF       W_TEMP,0
001A   0009           00047         RETFIE
                      00048 ;******************************************************
001B                  00049 ISLEM_RB0
001B   108B           00050     BCF         INTCON,INTF
001C   30BB           00051     MOVLW       0xBB
001D   00A1           00052     MOVWF       KACKEZ
                      00053     
001E   3001           00054     MOVLW       0x01
001F   0087           00055     MOVWF       PORTC
0020   0008           00056     RETURN
                      00057 ;******************************************************
0021                  00058 ISLEM_TMR0
0021   30BB           00059     MOVLW       0xBB
0022   00A1           00060     MOVWF       KACKEZ
                      00061     
0023   1003           00062     BCF         STATUS,C
0024   0D87           00063     RLF         PORTC,1
0025   0008           00064     RETURN
                      00065 ;****************************************************
0026                  00066 KESME_AYAR
0026   178B           00067     BSF         INTCON,GIE
0027   168B           00068     BSF         INTCON,T0IE
0028   160B           00069     BSF         INTCON,INTE
                      00070     
0029   1683 1303      00071     BANKSEL     OPTION_REG
002B   3003           00072     MOVLW       B'00000011'
Message[302]: Register in operand not in bank 0.  Ensure that bank bits are correct.
002C   0081           00073     MOVWF       OPTION_REG
                      00074     
002D   1283 1303      00075     BANKSEL     TMR0
002F   3006           00076     MOVLW       0x06
0030   0081           00077     MOVWF       TMR0
0031   0008           00078     RETURN
                      00079 ;************************************************
0032                  00080 PORT_AYAR
0032   1683 1303      00081     BANKSEL     TRISB
0034   3001           00082     MOVLW       B'00000001'
Message[302]: Register in operand not in bank 0.  Ensure that bank bits are correct.
0035   0086           00083     MOVWF       TRISB
Message[302]: Register in operand not in bank 0.  Ensure that bank bits are correct.
0036   0187           00084     CLRF        TRISC
                      00085     
0037   1283 1303      00086     BANKSEL     PORTB
0039   0186           00087     CLRF        PORTB
003A   0187           00088     CLRF        PORTC
                      00089     
003B   0008           00090     RETURN
                      00091 ;**********************************************
003C                  00092 BASLA
003C   2???           00093     CALL        KESME_AYAR
MPASM 5.84                   RB0_KESMESI.ASM   11-23-2021  23:36:58         PAGE  3


LOC  OBJECT CODE     LINE SOURCE TEXT
  VALUE

003D   2???           00094     CALL        PORT_AYAR
003E   3010           00095     MOVLW       0x10
003F   00A1           00096     MOVWF       KACKEZ
0040   01A0           00097     CLRF        SAYI
0041                  00098 DD
                      00099 
0041   2???           00100     GOTO        DD
3F31                  00101     END
MPASM 5.84                   RB0_KESMESI.ASM   11-23-2021  23:36:58         PAGE  4


SYMBOL TABLE
  LABEL                             VALUE 

ACKDT                             00000005
ACKEN                             00000004
ACKSTAT                           00000006
ADCON0                            0000001F
ADCON1                            0000009F
ADCS0                             00000006
ADCS1                             00000007
ADCS2                             00000006
ADDEN                             00000003
ADFM                              00000007
ADIE                              00000006
ADIF                              00000006
ADON                              00000000
ADRESH                            0000001E
ADRESL                            0000009E
BASLA                             0000003C
BCLIE                             00000003
BCLIF                             00000003
BF                                00000000
BRGH                              00000002
C                                 00000000
C1INV                             00000004
C1OUT                             00000006
C2INV                             00000005
C2OUT                             00000007
CCP1CON                           00000017
CCP1IE                            00000002
CCP1IF                            00000002
CCP1M0                            00000000
CCP1M1                            00000001
CCP1M2                            00000002
CCP1M3                            00000003
CCP1X                             00000005
CCP1Y                             00000004
CCP2CON                           0000001D
CCP2IE                            00000000
CCP2IF                            00000000
CCP2M0                            00000000
CCP2M1                            00000001
CCP2M2                            00000002
CCP2M3                            00000003
CCP2X                             00000005
CCP2Y                             00000004
CCPR1                             00000015
CCPR1H                            00000016
CCPR1L                            00000015
CCPR2                             0000001B
CCPR2H                            0000001C
CCPR2L                            0000001B
CHS0                              00000003
CHS1                              00000004
CHS2                              00000005
CIK                               00000013
MPASM 5.84                   RB0_KESMESI.ASM   11-23-2021  23:36:58         PAGE  5


SYMBOL TABLE
  LABEL                             VALUE 

CIS                               00000003
CKE                               00000006
CKP                               00000004
CM0                               00000000
CM1                               00000001
CM2                               00000002
CMCON                             0000009C
CMIE                              00000006
CMIF                              00000006
CREN                              00000004
CSRC                              00000007
CVR0                              00000000
CVR1                              00000001
CVR2                              00000002
CVR3                              00000003
CVRCON                            0000009D
CVREN                             00000007
CVROE                             00000006
CVRR                              00000005
D                                 00000005
DATA_ADDRESS                      00000005
DC                                00000001
DD                                00000041
D_A                               00000005
D_NOT_A                           00000005
EEADR                             0000010D
EEADRH                            0000010F
EECON1                            0000018C
EECON2                            0000018D
EEDATA                            0000010C
EEDATH                            0000010E
EEIE                              00000004
EEIF                              00000004
EEPGD                             00000007
F                                 00000001
FERR                              00000002
FSR                               00000004
GCEN                              00000007
GIE                               00000007
GO                                00000002
GO_DONE                           00000002
GO_NOT_DONE                       00000002
I2C_DATA                          00000005
I2C_READ                          00000002
I2C_START                         00000003
I2C_STOP                          00000004
IBF                               00000007
IBOV                              00000005
INDF                              00000000
INTCON                            0000000B
INTE                              00000004
INTEDG                            00000006
INTF                              00000001
MPASM 5.84                   RB0_KESMESI.ASM   11-23-2021  23:36:58         PAGE  6


SYMBOL TABLE
  LABEL                             VALUE 

IRP                               00000007
ISLEM_RB0                         0000001B
ISLEM_TMR0                        00000021
KACKEZ                            00000021
KESME_AYAR                        00000026
NOT_A                             00000005
NOT_ADDRESS                       00000005
NOT_BO                            00000000
NOT_BOR                           00000000
NOT_DONE                          00000002
NOT_PD                            00000003
NOT_POR                           00000001
NOT_RBPU                          00000007
NOT_RC8                           00000006
NOT_T1SYNC                        00000002
NOT_TO                            00000004
NOT_TX8                           00000006
NOT_W                             00000002
NOT_WRITE                         00000002
OBF                               00000006
OERR                              00000001
OPTION_REG                        00000081
P                                 00000004
PCFG0                             00000000
PCFG1                             00000001
PCFG2                             00000002
PCFG3                             00000003
PCL                               00000002
PCLATH                            0000000A
PCLATH_TEMP                       0000007F
PCON                              0000008E
PEIE                              00000006
PEN                               00000002
PIE1                              0000008C
PIE2                              0000008D
PIR1                              0000000C
PIR2                              0000000D
PORTA                             00000005
PORTB                             00000006
PORTC                             00000007
PORTD                             00000008
PORTE                             00000009
PORT_AYAR                         00000032
PR2                               00000092
PS0                               00000000
PS1                               00000001
PS2                               00000002
PSA                               00000003
PSPIE                             00000007
PSPIF                             00000007
PSPMODE                           00000004
R                                 00000002
RA0                               00000000
MPASM 5.84                   RB0_KESMESI.ASM   11-23-2021  23:36:58         PAGE  7


SYMBOL TABLE
  LABEL                             VALUE 

RA1                               00000001
RA2                               00000002
RA3                               00000003
RA4                               00000004
RA5                               00000005
RB0                               00000000
RB1                               00000001
RB2                               00000002
RB3                               00000003
RB4                               00000004
RB5                               00000005
RB6                               00000006
RB7                               00000007
RBIE                              00000003
RBIF                              00000000
RC0                               00000000
RC1                               00000001
RC2                               00000002
RC3                               00000003
RC4                               00000004
RC5                               00000005
RC6                               00000006
RC7                               00000007
RC8_9                             00000006
RC9                               00000006
RCD8                              00000000
RCEN                              00000003
RCIE                              00000005
RCIF                              00000005
RCREG                             0000001A
RCSTA                             00000018
RD                                00000000
RD0                               00000000
RD1                               00000001
RD2                               00000002
RD3                               00000003
RD4                               00000004
RD5                               00000005
RD6                               00000006
RD7                               00000007
RE0                               00000000
RE1                               00000001
RE2                               00000002
READ_WRITE                        00000002
RP0                               00000005
RP1                               00000006
RSEN                              00000001
RX9                               00000006
RX9D                              00000000
R_NOT_W                           00000002
R_W                               00000002
S                                 00000003
SAYI                              00000020
MPASM 5.84                   RB0_KESMESI.ASM   11-23-2021  23:36:58         PAGE  8


SYMBOL TABLE
  LABEL                             VALUE 

SEN                               00000000
SMP                               00000007
SPBRG                             00000099
SPEN                              00000007
SREN                              00000005
SSPADD                            00000093
SSPBUF                            00000013
SSPCON                            00000014
SSPCON2                           00000091
SSPEN                             00000005
SSPIE                             00000003
SSPIF                             00000003
SSPM0                             00000000
SSPM1                             00000001
SSPM2                             00000002
SSPM3                             00000003
SSPOV                             00000006
SSPSTAT                           00000094
STATUS                            00000003
STATUS_TEMP                       0000007E
SYNC                              00000004
T0CS                              00000005
T0IE                              00000005
T0IF                              00000002
T0SE                              00000004
T1CKPS0                           00000004
T1CKPS1                           00000005
T1CON                             00000010
T1INSYNC                          00000002
T1OSCEN                           00000003
T1SYNC                            00000002
T2CKPS0                           00000000
T2CKPS1                           00000001
T2CON                             00000012
TMR0                              00000001
TMR0IE                            00000005
TMR0IF                            00000002
TMR1                              0000000E
TMR1CS                            00000001
TMR1H                             0000000F
TMR1IE                            00000000
TMR1IF                            00000000
TMR1L                             0000000E
TMR1ON                            00000000
TMR2                              00000011
TMR2IE                            00000001
TMR2IF                            00000001
TMR2ON                            00000002
TOUTPS0                           00000003
TOUTPS1                           00000004
TOUTPS2                           00000005
TOUTPS3                           00000006
TRISA                             00000085
MPASM 5.84                   RB0_KESMESI.ASM   11-23-2021  23:36:58         PAGE  9


SYMBOL TABLE
  LABEL                             VALUE 

TRISA0                            00000000
TRISA1                            00000001
TRISA2                            00000002
TRISA3                            00000003
TRISA4                            00000004
TRISA5                            00000005
TRISB                             00000086
TRISB0                            00000000
TRISB1                            00000001
TRISB2                            00000002
TRISB3                            00000003
TRISB4                            00000004
TRISB5                            00000005
TRISB6                            00000006
TRISB7                            00000007
TRISC                             00000087
TRISC0                            00000000
TRISC1                            00000001
TRISC2                            00000002
TRISC3                            00000003
TRISC4                            00000004
TRISC5                            00000005
TRISC6                            00000006
TRISC7                            00000007
TRISD                             00000088
TRISD0                            00000000
TRISD1                            00000001
TRISD2                            00000002
TRISD3                            00000003
TRISD4                            00000004
TRISD5                            00000005
TRISD6                            00000006
TRISD7                            00000007
TRISE                             00000089
TRISE0                            00000000
TRISE1                            00000001
TRISE2                            00000002
TRMT                              00000001
TX8_9                             00000006
TX9                               00000006
TX9D                              00000000
TXD8                              00000000
TXEN                              00000005
TXIE                              00000004
TXIF                              00000004
TXREG                             00000019
TXSTA                             00000098
UA                                00000001
W                                 00000000
WCOL                              00000007
WR                                00000001
WREN                              00000002
WRERR                             00000003
MPASM 5.84                   RB0_KESMESI.ASM   11-23-2021  23:36:58         PAGE 10


SYMBOL TABLE
  LABEL                             VALUE 

W_TEMP                            0000007D
Z                                 00000002
_BODEN_OFF                        00003FBF
_BODEN_ON                         00003FFF
_BOREN_OFF                        00003FBF
_BOREN_ON                         00003FFF
_CONFIG                           00002007
_CPD_OFF                          00003FFF
_CPD_ON                           00003EFF
_CP_ALL                           00001FFF
_CP_OFF                           00003FFF
_CP_ON                            00001FFF
_DEBUG_OFF                        00003FFF
_DEBUG_ON                         000037FF
_DEVID1                           00002006
_FOSC_EXTRC                       00003FFF
_FOSC_HS                          00003FFE
_FOSC_LP                          00003FFC
_FOSC_XT                          00003FFD
_HS_OSC                           00003FFE
_IDLOC0                           00002000
_IDLOC1                           00002001
_IDLOC2                           00002002
_IDLOC3                           00002003
_LP_OSC                           00003FFC
_LVP_OFF                          00003F7F
_LVP_ON                           00003FFF
_PWRTE_OFF                        00003FFF
_PWRTE_ON                         00003FF7
_RC_OSC                           00003FFF
_WDTE_OFF                         00003FFB
_WDTE_ON                          00003FFF
_WDT_OFF                          00003FFB
_WDT_ON                           00003FFF
_WRT_1FOURTH                      00003BFF
_WRT_256                          00003DFF
_WRT_HALF                         000039FF
_WRT_OFF                          00003FFF
_XT_OSC                           00003FFD
__16F877A                         00000001

Errors   :     0
Warnings :     0 reported,     0 suppressed
Messages :     3 reported,     0 suppressed

