MPASM 5.84                     LCD_EKRAN.ASM   12-16-2021  19:59:35         PAGE  1


LOC  OBJECT CODE     LINE SOURCE TEXT
  VALUE

                      00001         list            p=16f877A       
                      00002         #include        <p16f877A.inc>  
                      00001         LIST
                      00002 
                      00003 ;==========================================================================
                      00004 ; Build date : Mar 17 2019
                      00005 ;  MPASM PIC16F877A processor include
                      00006 ; 
                      00007 ;  (c) Copyright 1999-2019 Microchip Technology, All rights reserved
                      00008 ;==========================================================================
                      00009 
                      00567         LIST
                      00003         
2007   3F31           00004         __CONFIG H'3F31'
                      00005 
  00000020            00006 BIRLER      EQU 0x20
  00000021            00007 ONLAR       EQU 0x21
  00000022            00008 YUZLER      EQU 0x22
  00000023            00009 BINLER      EQU 0x23
  00000024            00010 VERI        EQU 0x24
  00000025            00011 TEMP        EQU 0x25
  00000026            00012 SAYI_L      EQU 0x26
  00000027            00013 SAYI_H      EQU 0x27
  00000028            00014 G1          EQU 0x28
  00000029            00015 G2          EQU 0x29
  00000030            00016 TEMP_L      EQU 0x30        
                      00017 ;***************************************
                      00018             ORG 0x000
0000   0000           00019             NOP 
0001   2???           00020             GOTO    BASLA
                      00021 ;*********************************************
                      00022             ORG 0x004
0004   0009           00023             RETFIE
                      00024 ;***********************************************
0005                  00025 ASCII_LOOKUP
0005   0782           00026             ADDWF   PCL,1
0006   3430           00027             RETLW   0x30
0007   3431           00028             RETLW   0x31
0008   3432           00029             RETLW   0x32
0009   3433           00030             RETLW   0x33
000A   3434           00031             RETLW   0x34
000B   3435           00032             RETLW   0x35
000C   3436           00033             RETLW   0x36
000D   3437           00034             RETLW   0x37
000E   3438           00035             RETLW   0x38
000F   3439           00036             RETLW   0x39
                      00037 ;;**********************************************************
0010                  00038 GECIKME_200USN
0010   30C8           00039            MOVLW    0xC8
0011   00A8           00040            MOVWF    G1
0012                  00041 LOOP    
0012   0BA8           00042            DECFSZ   G1,1
0013   2???           00043            GOTO     LOOP
MPASM 5.84                     LCD_EKRAN.ASM   12-16-2021  19:59:35         PAGE  2


LOC  OBJECT CODE     LINE SOURCE TEXT
  VALUE

0014   0008           00044            RETURN
                      00045 ;*******************************************
0015                  00046 GECIKME_50MSN
0015   300F           00047            MOVLW    0x0F
0016   00A8           00048            MOVWF    G1
                      00049            
0017   3028           00050            MOVLW    0x28
0018   00A9           00051            MOVWF    G2
0019                  00052 LOOP1
0019   0BA8           00053            DECFSZ   G1,1
001A   2???           00054            GOTO     LOOP1
                      00055            
001B   0BA9           00056            DECFSZ   G2,1
001C   2???           00057            GOTO     LOOP1
001D   0008           00058            RETURN
                      00059 ;********************************************
001E                  00060 TETIK
001E   1283 1303      00061            BANKSEL  PORTB
0020   1686           00062            BSF      PORTB,5
0021   2???           00063            CALL     GECIKME_200USN
0022   1286           00064            BCF      PORTB,5
0023   0008           00065            RETURN
                      00066 ;*******************************************
0024                  00067 LCD_AYAR
0024   1683 1303      00068            BANKSEL  TRISB
Message[302]: Register in operand not in bank 0.  Ensure that bank bits are correct.
0026   0186           00069            CLRF     TRISB
0027   1283 1303      00070            BANKSEL  PORTB
0029   0186           00071            CLRF     PORTB
                      00072            
002A   1206           00073            BCF      PORTB,4
002B   2???           00074            CALL     TETIK
002C   2???           00075            CALL     GECIKME_200USN
                      00076            
002D   2???           00077            CALL     TETIK
002E   2???           00078            CALL     GECIKME_200USN
                      00079            
002F   3010           00080            MOVLW    0x10
0030   2???           00081            CALL     GONDER
                      00082            
0031   3028           00083            MOVLW    0x28
0032   2???           00084            CALL     GONDER
                      00085          
0033   3002           00086            MOVLW    0x02
0034   2???           00087            CALL     GONDER
                      00088            
0035   300D           00089            MOVLW    0x0D
0036   2???           00090            CALL     GONDER
                      00091 
0037   3001           00092            MOVLW    0x01        
0038   2???           00093            CALL     GONDER 
                      00094            
0039   3006           00095            MOVLW    0x06
MPASM 5.84                     LCD_EKRAN.ASM   12-16-2021  19:59:35         PAGE  3


LOC  OBJECT CODE     LINE SOURCE TEXT
  VALUE

003A   2???           00096            CALL     GONDER
003B   0008           00097            RETURN
                      00098 ;***********************************************
003C                  00099 GONDER
003C   00A4           00100            MOVWF    VERI
                      00101            
003D   0E24           00102            SWAPF    VERI,0
003E   390F           00103            ANDLW    0x0F
003F   00A5           00104            MOVWF    TEMP
0040   0806           00105            MOVF     PORTB,W
0041   39F0           00106            ANDLW    0xF0
0042   0425           00107            IORWF    TEMP,0
0043   0086           00108            MOVWF    PORTB
0044   2???           00109            CALL     TETIK
                      00110                    
0045   0824           00111            MOVF     VERI,W
0046   390F           00112            ANDLW    0x0F
0047   00A5           00113            MOVWF    TEMP
0048   0806           00114            MOVF     PORTB,W
0049   39F0           00115            ANDLW    0xF0
004A   0425           00116            IORWF    TEMP,0
004B   0086           00117            MOVWF    PORTB
004C   2???           00118            CALL     TETIK
                      00119           
004D   0008           00120            RETURN
                      00121 ;***************************************************
004E                  00122 CEVIR
004E   08A7           00123          MOVF   SAYI_H,1
004F   1903           00124          BTFSC  STATUS,Z
0050   2???           00125          GOTO   ATLA
0051   2???           00126          CALL   CEVIR_H
                      00127          
0052                  00128 ATLA
0052   2???           00129          CALL   CEVIR_L
0053   0008           00130          RETURN
                      00131 ;*********************************************
0054                  00132 CEVIR_L
0054   08A6           00133          MOVF   SAYI_L,1
0055   1903           00134          BTFSC  STATUS,Z
0056   0008           00135          RETURN
                      00136            
0057   03A6           00137          DECF   SAYI_L,1
0058   0AA0           00138          INCF   BIRLER,1
0059   300A           00139          MOVLW  0x0A
005A   0220           00140          SUBWF  BIRLER,0
005B   1D03           00141          BTFSS  STATUS,Z
005C   2???           00142          GOTO   CEVIR_L
                      00143          
005D   01A0           00144          CLRF   BIRLER
005E   0AA1           00145          INCF   ONLAR,1
005F   300A           00146          MOVLW  0x0A
0060   0221           00147          SUBWF  ONLAR,0
0061   1D03           00148          BTFSS  STATUS,Z
MPASM 5.84                     LCD_EKRAN.ASM   12-16-2021  19:59:35         PAGE  4


LOC  OBJECT CODE     LINE SOURCE TEXT
  VALUE

0062   2???           00149          GOTO   CEVIR_L
                      00150          
0063   01A1           00151          CLRF   ONLAR
0064   0AA2           00152          INCF   YUZLER,1
0065   300A           00153          MOVLW  0x0A
0066   0222           00154          SUBWF  YUZLER,0
0067   1D03           00155          BTFSS  STATUS,Z
0068   2???           00156          GOTO   CEVIR_L
                      00157          
0069   01A2           00158          CLRF   YUZLER
006A   0AA3           00159          INCF   BINLER,1
006B   300A           00160          MOVLW  0x0A
006C   0223           00161          SUBWF  BINLER,0
006D   1D03           00162          BTFSS  STATUS,Z
006E   2???           00163          GOTO   CEVIR_L
006F   0008           00164          RETURN
                      00165 ;*********************************************
0070                  00166 CEVIR_H
0070   0826           00167          MOVF   SAYI_L,W
0071   00B0           00168          MOVWF  TEMP_L
                      00169          
0072                  00170 HH
0072   0AA0           00171          INCF   BIRLER,1
0073   30FF           00172          MOVLW  0xFF
0074   00A6           00173          MOVWF  SAYI_L
0075   2???           00174          CALL   CEVIR_L
0076   0BA7           00175          DECFSZ SAYI_H,1
0077   2???           00176          GOTO   HH
                      00177           
0078   0830           00178          MOVF   TEMP_L,W
0079   00A6           00179          MOVWF  SAYI_L
007A   0008           00180          RETURN
                      00181 ;*********************************************
007B                  00182 BASLA
007B   2???           00183            CALL     LCD_AYAR
007C   3003           00184            MOVLW    0x03
007D   00A7           00185            MOVWF    SAYI_H
007E   30FF           00186            MOVLW    0xFF
007F   00A6           00187            MOVWF    SAYI_L
                      00188            
0080   2???           00189            CALL     CEVIR
                      00190            
0081   1606           00191            BSF      PORTB,4
0082   0823           00192            MOVF     BINLER,W
0083   2???           00193            CALL     ASCII_LOOKUP
0084   2???           00194            CALL     GONDER
                      00195            
0085   0822           00196            MOVF     YUZLER,W
0086   2???           00197            CALL     ASCII_LOOKUP
0087   2???           00198            CALL     GONDER
                      00199            
0088   0821           00200            MOVF     ONLAR,W
0089   2???           00201            CALL     ASCII_LOOKUP
MPASM 5.84                     LCD_EKRAN.ASM   12-16-2021  19:59:35         PAGE  5


LOC  OBJECT CODE     LINE SOURCE TEXT
  VALUE

008A   2???           00202            CALL     GONDER
                      00203            
008B   0820           00204            MOVF     BIRLER,W
008C   2???           00205            CALL     ASCII_LOOKUP
008D   2???           00206            CALL     GONDER
008E                  00207 DD
008E   2???           00208            GOTO     DD
3F31                  00209            END
MPASM 5.84                     LCD_EKRAN.ASM   12-16-2021  19:59:35         PAGE  6


SYMBOL TABLE
  LABEL                             VALUE 

ACKDT                             00000005
ACKEN                             00000004
ACKSTAT                           00000006
ADCON0                            0000001F
ADCON1                            0000009F
ADCS0                             00000006
ADCS1                             00000007
ADCS2                             00000006
ADDEN                             00000003
ADFM                              00000007
ADIE                              00000006
ADIF                              00000006
ADON                              00000000
ADRESH                            0000001E
ADRESL                            0000009E
ASCII_LOOKUP                      00000005
ATLA                              00000052
BASLA                             0000007B
BCLIE                             00000003
BCLIF                             00000003
BF                                00000000
BINLER                            00000023
BIRLER                            00000020
BRGH                              00000002
C                                 00000000
C1INV                             00000004
C1OUT                             00000006
C2INV                             00000005
C2OUT                             00000007
CCP1CON                           00000017
CCP1IE                            00000002
CCP1IF                            00000002
CCP1M0                            00000000
CCP1M1                            00000001
CCP1M2                            00000002
CCP1M3                            00000003
CCP1X                             00000005
CCP1Y                             00000004
CCP2CON                           0000001D
CCP2IE                            00000000
CCP2IF                            00000000
CCP2M0                            00000000
CCP2M1                            00000001
CCP2M2                            00000002
CCP2M3                            00000003
CCP2X                             00000005
CCP2Y                             00000004
CCPR1                             00000015
CCPR1H                            00000016
CCPR1L                            00000015
CCPR2                             0000001B
CCPR2H                            0000001C
CCPR2L                            0000001B
MPASM 5.84                     LCD_EKRAN.ASM   12-16-2021  19:59:35         PAGE  7


SYMBOL TABLE
  LABEL                             VALUE 

CEVIR                             0000004E
CEVIR_H                           00000070
CEVIR_L                           00000054
CHS0                              00000003
CHS1                              00000004
CHS2                              00000005
CIS                               00000003
CKE                               00000006
CKP                               00000004
CM0                               00000000
CM1                               00000001
CM2                               00000002
CMCON                             0000009C
CMIE                              00000006
CMIF                              00000006
CREN                              00000004
CSRC                              00000007
CVR0                              00000000
CVR1                              00000001
CVR2                              00000002
CVR3                              00000003
CVRCON                            0000009D
CVREN                             00000007
CVROE                             00000006
CVRR                              00000005
D                                 00000005
DATA_ADDRESS                      00000005
DC                                00000001
DD                                0000008E
D_A                               00000005
D_NOT_A                           00000005
EEADR                             0000010D
EEADRH                            0000010F
EECON1                            0000018C
EECON2                            0000018D
EEDATA                            0000010C
EEDATH                            0000010E
EEIE                              00000004
EEIF                              00000004
EEPGD                             00000007
F                                 00000001
FERR                              00000002
FSR                               00000004
G1                                00000028
G2                                00000029
GCEN                              00000007
GECIKME_200USN                    00000010
GECIKME_50MSN                     00000015
GIE                               00000007
GO                                00000002
GONDER                            0000003C
GO_DONE                           00000002
GO_NOT_DONE                       00000002
MPASM 5.84                     LCD_EKRAN.ASM   12-16-2021  19:59:35         PAGE  8


SYMBOL TABLE
  LABEL                             VALUE 

HH                                00000072
I2C_DATA                          00000005
I2C_READ                          00000002
I2C_START                         00000003
I2C_STOP                          00000004
IBF                               00000007
IBOV                              00000005
INDF                              00000000
INTCON                            0000000B
INTE                              00000004
INTEDG                            00000006
INTF                              00000001
IRP                               00000007
LCD_AYAR                          00000024
LOOP                              00000012
LOOP1                             00000019
NOT_A                             00000005
NOT_ADDRESS                       00000005
NOT_BO                            00000000
NOT_BOR                           00000000
NOT_DONE                          00000002
NOT_PD                            00000003
NOT_POR                           00000001
NOT_RBPU                          00000007
NOT_RC8                           00000006
NOT_T1SYNC                        00000002
NOT_TO                            00000004
NOT_TX8                           00000006
NOT_W                             00000002
NOT_WRITE                         00000002
OBF                               00000006
OERR                              00000001
ONLAR                             00000021
OPTION_REG                        00000081
P                                 00000004
PCFG0                             00000000
PCFG1                             00000001
PCFG2                             00000002
PCFG3                             00000003
PCL                               00000002
PCLATH                            0000000A
PCON                              0000008E
PEIE                              00000006
PEN                               00000002
PIE1                              0000008C
PIE2                              0000008D
PIR1                              0000000C
PIR2                              0000000D
PORTA                             00000005
PORTB                             00000006
PORTC                             00000007
PORTD                             00000008
PORTE                             00000009
MPASM 5.84                     LCD_EKRAN.ASM   12-16-2021  19:59:35         PAGE  9


SYMBOL TABLE
  LABEL                             VALUE 

PR2                               00000092
PS0                               00000000
PS1                               00000001
PS2                               00000002
PSA                               00000003
PSPIE                             00000007
PSPIF                             00000007
PSPMODE                           00000004
R                                 00000002
RA0                               00000000
RA1                               00000001
RA2                               00000002
RA3                               00000003
RA4                               00000004
RA5                               00000005
RB0                               00000000
RB1                               00000001
RB2                               00000002
RB3                               00000003
RB4                               00000004
RB5                               00000005
RB6                               00000006
RB7                               00000007
RBIE                              00000003
RBIF                              00000000
RC0                               00000000
RC1                               00000001
RC2                               00000002
RC3                               00000003
RC4                               00000004
RC5                               00000005
RC6                               00000006
RC7                               00000007
RC8_9                             00000006
RC9                               00000006
RCD8                              00000000
RCEN                              00000003
RCIE                              00000005
RCIF                              00000005
RCREG                             0000001A
RCSTA                             00000018
RD                                00000000
RD0                               00000000
RD1                               00000001
RD2                               00000002
RD3                               00000003
RD4                               00000004
RD5                               00000005
RD6                               00000006
RD7                               00000007
RE0                               00000000
RE1                               00000001
RE2                               00000002
MPASM 5.84                     LCD_EKRAN.ASM   12-16-2021  19:59:35         PAGE 10


SYMBOL TABLE
  LABEL                             VALUE 

READ_WRITE                        00000002
RP0                               00000005
RP1                               00000006
RSEN                              00000001
RX9                               00000006
RX9D                              00000000
R_NOT_W                           00000002
R_W                               00000002
S                                 00000003
SAYI_H                            00000027
SAYI_L                            00000026
SEN                               00000000
SMP                               00000007
SPBRG                             00000099
SPEN                              00000007
SREN                              00000005
SSPADD                            00000093
SSPBUF                            00000013
SSPCON                            00000014
SSPCON2                           00000091
SSPEN                             00000005
SSPIE                             00000003
SSPIF                             00000003
SSPM0                             00000000
SSPM1                             00000001
SSPM2                             00000002
SSPM3                             00000003
SSPOV                             00000006
SSPSTAT                           00000094
STATUS                            00000003
SYNC                              00000004
T0CS                              00000005
T0IE                              00000005
T0IF                              00000002
T0SE                              00000004
T1CKPS0                           00000004
T1CKPS1                           00000005
T1CON                             00000010
T1INSYNC                          00000002
T1OSCEN                           00000003
T1SYNC                            00000002
T2CKPS0                           00000000
T2CKPS1                           00000001
T2CON                             00000012
TEMP                              00000025
TEMP_L                            00000030
TETIK                             0000001E
TMR0                              00000001
TMR0IE                            00000005
TMR0IF                            00000002
TMR1                              0000000E
TMR1CS                            00000001
TMR1H                             0000000F
MPASM 5.84                     LCD_EKRAN.ASM   12-16-2021  19:59:35         PAGE 11


SYMBOL TABLE
  LABEL                             VALUE 

TMR1IE                            00000000
TMR1IF                            00000000
TMR1L                             0000000E
TMR1ON                            00000000
TMR2                              00000011
TMR2IE                            00000001
TMR2IF                            00000001
TMR2ON                            00000002
TOUTPS0                           00000003
TOUTPS1                           00000004
TOUTPS2                           00000005
TOUTPS3                           00000006
TRISA                             00000085
TRISA0                            00000000
TRISA1                            00000001
TRISA2                            00000002
TRISA3                            00000003
TRISA4                            00000004
TRISA5                            00000005
TRISB                             00000086
TRISB0                            00000000
TRISB1                            00000001
TRISB2                            00000002
TRISB3                            00000003
TRISB4                            00000004
TRISB5                            00000005
TRISB6                            00000006
TRISB7                            00000007
TRISC                             00000087
TRISC0                            00000000
TRISC1                            00000001
TRISC2                            00000002
TRISC3                            00000003
TRISC4                            00000004
TRISC5                            00000005
TRISC6                            00000006
TRISC7                            00000007
TRISD                             00000088
TRISD0                            00000000
TRISD1                            00000001
TRISD2                            00000002
TRISD3                            00000003
TRISD4                            00000004
TRISD5                            00000005
TRISD6                            00000006
TRISD7                            00000007
TRISE                             00000089
TRISE0                            00000000
TRISE1                            00000001
TRISE2                            00000002
TRMT                              00000001
TX8_9                             00000006
TX9                               00000006
MPASM 5.84                     LCD_EKRAN.ASM   12-16-2021  19:59:35         PAGE 12


SYMBOL TABLE
  LABEL                             VALUE 

TX9D                              00000000
TXD8                              00000000
TXEN                              00000005
TXIE                              00000004
TXIF                              00000004
TXREG                             00000019
TXSTA                             00000098
UA                                00000001
VERI                              00000024
W                                 00000000
WCOL                              00000007
WR                                00000001
WREN                              00000002
WRERR                             00000003
YUZLER                            00000022
Z                                 00000002
_BODEN_OFF                        00003FBF
_BODEN_ON                         00003FFF
_BOREN_OFF                        00003FBF
_BOREN_ON                         00003FFF
_CONFIG                           00002007
_CPD_OFF                          00003FFF
_CPD_ON                           00003EFF
_CP_ALL                           00001FFF
_CP_OFF                           00003FFF
_CP_ON                            00001FFF
_DEBUG_OFF                        00003FFF
_DEBUG_ON                         000037FF
_DEVID1                           00002006
_FOSC_EXTRC                       00003FFF
_FOSC_HS                          00003FFE
_FOSC_LP                          00003FFC
_FOSC_XT                          00003FFD
_HS_OSC                           00003FFE
_IDLOC0                           00002000
_IDLOC1                           00002001
_IDLOC2                           00002002
_IDLOC3                           00002003
_LP_OSC                           00003FFC
_LVP_OFF                          00003F7F
_LVP_ON                           00003FFF
_PWRTE_OFF                        00003FFF
_PWRTE_ON                         00003FF7
_RC_OSC                           00003FFF
_WDTE_OFF                         00003FFB
_WDTE_ON                          00003FFF
_WDT_OFF                          00003FFB
_WDT_ON                           00003FFF
_WRT_1FOURTH                      00003BFF
_WRT_256                          00003DFF
_WRT_HALF                         000039FF
_WRT_OFF                          00003FFF
_XT_OSC                           00003FFD
MPASM 5.84                     LCD_EKRAN.ASM   12-16-2021  19:59:35         PAGE 13


SYMBOL TABLE
  LABEL                             VALUE 

__16F877A                         00000001

Errors   :     0
Warnings :     0 reported,     0 suppressed
Messages :     1 reported,     0 suppressed

