MPASM 5.84                        USART2.ASM   12-21-2021  11:21:36         PAGE  1


LOC  OBJECT CODE     LINE SOURCE TEXT
  VALUE

                      00001 ;KODLAMA SABLONU
                      00002 
                      00003         list            p=16f877A       ; hangi pic
                      00004         #include        <p16f877A.inc>  ; SFR register 'lar?n tan?mland??? kutuphane
                      00001         LIST
                      00002 
                      00003 ;==========================================================================
                      00004 ; Build date : Mar 17 2019
                      00005 ;  MPASM PIC16F877A processor include
                      00006 ; 
                      00007 ;  (c) Copyright 1999-2019 Microchip Technology, All rights reserved
                      00008 ;==========================================================================
                      00009 
                      00567         LIST
                      00005         
2007   3F31           00006         __CONFIG H'3F31'    ; WDT, ossilat?r gibi register ayarlar?
                      00007 
                      00008         
                      00009 ;KULLANILACAK DEGISKENLER
                      00010 
  00000020            00011 DEC1    EQU     0x20    ;Degisken kullanmak icin GPR alan?nda istediginiz adresi yazabilirsiniz
  00000021            00012 VERI EQU 0X21
  00000022            00013 TEMP EQU 0X22
                      00014 
                      00015 
  0000007D            00016 W_TEMP EQU 0X7D
  0000007E            00017 STATUS_TEMP EQU 0X7E
Warning[207]: Found label after column 1. (PCLATH_TEMP)
  0000007F            00018  PCLATH_TEMP EQU 0X7F                           
                      00019 
                      00020 
                      00021 ;********************************
                      00022         ORG     0x000                   ; Baslama vektoru
                      00023 
0000   0000           00024         nop                                                     ; ICD ozelliginin aktif edilmesi icin ge
                            reken bekleme 
0001   2???           00025         goto    BASLA                   ; As?l kodlar?n yazili oldugu baslama etiketine git
                      00026 
                      00027         
Warning[205]: Found directive in column 1. (ORG)
                      00028 ORG 0X004
                      00029 
0004   00FD           00030     MOVWF W_TEMP 
0005   080A           00031         MOVFW PCLATH
0006   00FF           00032         MOVWF PCLATH_TEMP
0007   0803           00033         MOVFW STATUS
0008   00FE           00034         MOVWF STATUS_TEMP
                      00035 
0009   1283 1303      00036           BANKSEL PIR1
000B   128C           00037           BCF PIR1, RCIF
000C   081A           00038          MOVFW RCREG
                      00039          
000D   1283 1303      00040          BANKSEL PORTB
MPASM 5.84                        USART2.ASM   12-21-2021  11:21:36         PAGE  2


LOC  OBJECT CODE     LINE SOURCE TEXT
  VALUE

                      00041          
000F   1606           00042          BSF PORTB,4
0010   2???           00043         CALL GONDER
                      00044 
                      00045 
0011   087F           00046         MOVFW PCLATH_TEMP
0012   008A           00047         MOVWF PCLATH
0013   087E           00048         MOVFW STATUS_TEMP
0014   0083           00049         MOVWF STATUS
0015   0EFD           00050         SWAPF W_TEMP,F
0016   0E7D           00051         SWAPF W_TEMP,W
                      00052        
0017   0009           00053         RETFIE
                      00054 ;*********************************
0018                  00055 TETIKLEME
0018   1283 1303      00056     BANKSEL PORTB
001A   1686           00057     BSF PORTB,5
001B   2???           00058     CALL DELAY
001C   1286           00059     BCF PORTB,5
Warning[203]: Found opcode in column 1. (RETURN)
001D   0008           00060 RETURN
                      00061 
001E                  00062 DELAY
001E   30C8           00063     MOVLW 0XC8
001F   00A0           00064     MOVWF DEC1
Warning[207]: Found label after column 1. (LOOP)
0020                  00065     LOOP
0020   0BA0           00066     DECFSZ DEC1,F
0021   2???           00067     GOTO LOOP
Warning[203]: Found opcode in column 1. (RETURN)
0022   0008           00068 RETURN
                      00069 
                      00070 
0023                  00071 GONDER
0023   1283 1303      00072     BANKSEL PORTB
0025   00A1           00073     MOVWF VERI
0026   0E21           00074     SWAPF VERI,W
0027   390F           00075     ANDLW 0X0F
0028   00A2           00076     MOVWF TEMP
                      00077 
0029   0806           00078     MOVFW PORTB
002A   39F0           00079     ANDLW 0XF0
                      00080 
002B   0422           00081     IORWF TEMP,W
002C   0086           00082     MOVWF PORTB
002D   2???           00083     CALL TETIKLEME
                      00084 
002E   0821           00085     MOVF VERI,W
                      00086 
002F   390F           00087     ANDLW 0X0F
0030   00A2           00088     MOVWF TEMP
                      00089 
0031   0806           00090     MOVFW PORTB
MPASM 5.84                        USART2.ASM   12-21-2021  11:21:36         PAGE  3


LOC  OBJECT CODE     LINE SOURCE TEXT
  VALUE

0032   39F0           00091     ANDLW 0XF0
                      00092 
0033   0422           00093     IORWF TEMP,W
0034   0086           00094     MOVWF PORTB
0035   2???           00095     CALL TETIKLEME
Warning[203]: Found opcode in column 1. (RETURN)
0036   0008           00096 RETURN
                      00097 
                      00098 
0037                  00099 LCDAYARLA
0037   1683 1303      00100     BANKSEL TRISB
Message[302]: Register in operand not in bank 0.  Ensure that bank bits are correct.
0039   0186           00101     CLRF TRISB
003A   1283 1303      00102     BANKSEL PORTB
Message[302]: Register in operand not in bank 0.  Ensure that bank bits are correct.
003C   0186           00103     CLRF TRISB
                      00104 
003D   3003           00105     MOVLW 0X03
                      00106 
003E   2???           00107     CALL GONDER
                      00108   
003F   2???           00109     CALL TETIKLEME
0040   2???           00110     CALL DELAY
                      00111 
0041   2???           00112     CALL TETIKLEME
0042   2???           00113     CALL DELAY
0043   3002           00114     MOVLW 0X02
0044   2???           00115     CALL GONDER
                      00116 
0045   3010           00117     MOVLW 0X10
0046   2???           00118     CALL GONDER
                      00119 
0047   3001           00120     MOVLW 0X01
0048   2???           00121     CALL GONDER
                      00122 
0049   3028           00123     MOVLW 0X28
004A   2???           00124     CALL GONDER
                      00125 
004B   3006           00126     MOVLW 0X06
004C   2???           00127     CALL GONDER
                      00128 
004D   300D           00129     MOVLW 0X0D
004E   2???           00130     CALL GONDER
Warning[203]: Found opcode in column 1. (RETURN)
004F   0008           00131 RETURN
                      00132 
0050                  00133 HABER
0050   1683 1303      00134     BANKSEL TRISC
0052   3080           00135     MOVLW B'10000000'
Message[302]: Register in operand not in bank 0.  Ensure that bank bits are correct.
0053   0087           00136     MOVWF TRISC
Message[302]: Register in operand not in bank 0.  Ensure that bank bits are correct.
0054   0186           00137     CLRF TRISB
MPASM 5.84                        USART2.ASM   12-21-2021  11:21:36         PAGE  4


LOC  OBJECT CODE     LINE SOURCE TEXT
  VALUE

                      00138 
0055   3019           00139     MOVLW .25
Message[302]: Register in operand not in bank 0.  Ensure that bank bits are correct.
0056   0099           00140     MOVWF SPBRG
                      00141 
0057   1683 1303      00142     BANKSEL TXSTA
0059   3026           00143     MOVLW B'00100110'
Message[302]: Register in operand not in bank 0.  Ensure that bank bits are correct.
005A   0098           00144     MOVWF TXSTA
                      00145 
005B   1283 1303      00146     BANKSEL RCSTA
005D   3090           00147     MOVLW B'10010000'
005E   0098           00148     MOVWF RCSTA
Warning[203]: Found opcode in column 1. (RETURN)
005F   0008           00149 RETURN
0060                  00150 KESME
                      00151 
0060   1683 1303      00152     BANKSEL PIE1
Message[302]: Register in operand not in bank 0.  Ensure that bank bits are correct.
0062   120C           00153     BCF PIE1,TXIE
Message[302]: Register in operand not in bank 0.  Ensure that bank bits are correct.
0063   168C           00154     BSF PIE1,RCIE
                      00155 
0064   1283 1303      00156     BANKSEL INTCON
0066   30C0           00157     MOVLW B'11000000'
0067   008B           00158     MOVWF INTCON
                      00159 
                      00160 
Warning[203]: Found opcode in column 1. (RETURN)
0068   0008           00161 RETURN
                      00162 
0069                  00163 SSS
0069   1283 1303      00164     BANKSEL PIR1
Warning[207]: Found label after column 1. (LOOP2)
006B                  00165     LOOP2
006B   1E0C           00166     BTFSS PIR1,TXIF
006C   2???           00167     GOTO LOOP2
Warning[203]: Found opcode in column 1. (RETURN)
006D   0008           00168 RETURN
                      00169         
006E                  00170 BASLA
006E   2???           00171     CALL HABER
006F   2???           00172     CALL LCDAYARLA
0070   2???           00173     CALL KESME
                      00174 
0071   2???           00175     CALL SSS
                      00176 
0072   1283 1303      00177     BANKSEL TXREG
0074   3030           00178     MOVLW 0X30
0075   0099           00179     MOVWF TXREG
                      00180 
0076   2???           00181     CALL SSS
                      00182 
MPASM 5.84                        USART2.ASM   12-21-2021  11:21:36         PAGE  5


LOC  OBJECT CODE     LINE SOURCE TEXT
  VALUE

0077   1283 1303      00183     BANKSEL TXREG
0079   3039           00184     MOVLW 0X39
007A   0099           00185     MOVWF TXREG
                      00186 
                      00187 
007B   2???           00188     CALL SSS
                      00189 
007C   1283 1303      00190     BANKSEL TXREG
007E   3039           00191     MOVLW 0X39
007F   0099           00192     MOVWF TXREG
                      00193 
0080   2???           00194     CALL SSS
                      00195 
0081   1283 1303      00196     BANKSEL TXREG
0083   3037           00197     MOVLW 0X37
0084   0099           00198     MOVWF TXREG
                      00199         
                      00200         
0085                  00201 DD
Warning[203]: Found opcode in column 1. (GOTO)
0085   2???           00202 GOTO DD
                      00203 
                      00204 
3F31                  00205         END          
MPASM 5.84                        USART2.ASM   12-21-2021  11:21:36         PAGE  6


SYMBOL TABLE
  LABEL                             VALUE 

ACKDT                             00000005
ACKEN                             00000004
ACKSTAT                           00000006
ADCON0                            0000001F
ADCON1                            0000009F
ADCS0                             00000006
ADCS1                             00000007
ADCS2                             00000006
ADDEN                             00000003
ADFM                              00000007
ADIE                              00000006
ADIF                              00000006
ADON                              00000000
ADRESH                            0000001E
ADRESL                            0000009E
BASLA                             0000006E
BCLIE                             00000003
BCLIF                             00000003
BF                                00000000
BRGH                              00000002
C                                 00000000
C1INV                             00000004
C1OUT                             00000006
C2INV                             00000005
C2OUT                             00000007
CCP1CON                           00000017
CCP1IE                            00000002
CCP1IF                            00000002
CCP1M0                            00000000
CCP1M1                            00000001
CCP1M2                            00000002
CCP1M3                            00000003
CCP1X                             00000005
CCP1Y                             00000004
CCP2CON                           0000001D
CCP2IE                            00000000
CCP2IF                            00000000
CCP2M0                            00000000
CCP2M1                            00000001
CCP2M2                            00000002
CCP2M3                            00000003
CCP2X                             00000005
CCP2Y                             00000004
CCPR1                             00000015
CCPR1H                            00000016
CCPR1L                            00000015
CCPR2                             0000001B
CCPR2H                            0000001C
CCPR2L                            0000001B
CHS0                              00000003
CHS1                              00000004
CHS2                              00000005
CIS                               00000003
MPASM 5.84                        USART2.ASM   12-21-2021  11:21:36         PAGE  7


SYMBOL TABLE
  LABEL                             VALUE 

CKE                               00000006
CKP                               00000004
CM0                               00000000
CM1                               00000001
CM2                               00000002
CMCON                             0000009C
CMIE                              00000006
CMIF                              00000006
CREN                              00000004
CSRC                              00000007
CVR0                              00000000
CVR1                              00000001
CVR2                              00000002
CVR3                              00000003
CVRCON                            0000009D
CVREN                             00000007
CVROE                             00000006
CVRR                              00000005
D                                 00000005
DATA_ADDRESS                      00000005
DC                                00000001
DD                                00000085
DEC1                              00000020
DELAY                             0000001E
D_A                               00000005
D_NOT_A                           00000005
EEADR                             0000010D
EEADRH                            0000010F
EECON1                            0000018C
EECON2                            0000018D
EEDATA                            0000010C
EEDATH                            0000010E
EEIE                              00000004
EEIF                              00000004
EEPGD                             00000007
F                                 00000001
FERR                              00000002
FSR                               00000004
GCEN                              00000007
GIE                               00000007
GO                                00000002
GONDER                            00000023
GO_DONE                           00000002
GO_NOT_DONE                       00000002
HABER                             00000050
I2C_DATA                          00000005
I2C_READ                          00000002
I2C_START                         00000003
I2C_STOP                          00000004
IBF                               00000007
IBOV                              00000005
INDF                              00000000
INTCON                            0000000B
MPASM 5.84                        USART2.ASM   12-21-2021  11:21:36         PAGE  8


SYMBOL TABLE
  LABEL                             VALUE 

INTE                              00000004
INTEDG                            00000006
INTF                              00000001
IRP                               00000007
KESME                             00000060
LCDAYARLA                         00000037
LOOP                              00000020
LOOP2                             0000006B
NOT_A                             00000005
NOT_ADDRESS                       00000005
NOT_BO                            00000000
NOT_BOR                           00000000
NOT_DONE                          00000002
NOT_PD                            00000003
NOT_POR                           00000001
NOT_RBPU                          00000007
NOT_RC8                           00000006
NOT_T1SYNC                        00000002
NOT_TO                            00000004
NOT_TX8                           00000006
NOT_W                             00000002
NOT_WRITE                         00000002
OBF                               00000006
OERR                              00000001
OPTION_REG                        00000081
P                                 00000004
PCFG0                             00000000
PCFG1                             00000001
PCFG2                             00000002
PCFG3                             00000003
PCL                               00000002
PCLATH                            0000000A
PCLATH_TEMP                       0000007F
PCON                              0000008E
PEIE                              00000006
PEN                               00000002
PIE1                              0000008C
PIE2                              0000008D
PIR1                              0000000C
PIR2                              0000000D
PORTA                             00000005
PORTB                             00000006
PORTC                             00000007
PORTD                             00000008
PORTE                             00000009
PR2                               00000092
PS0                               00000000
PS1                               00000001
PS2                               00000002
PSA                               00000003
PSPIE                             00000007
PSPIF                             00000007
PSPMODE                           00000004
MPASM 5.84                        USART2.ASM   12-21-2021  11:21:36         PAGE  9


SYMBOL TABLE
  LABEL                             VALUE 

R                                 00000002
RA0                               00000000
RA1                               00000001
RA2                               00000002
RA3                               00000003
RA4                               00000004
RA5                               00000005
RB0                               00000000
RB1                               00000001
RB2                               00000002
RB3                               00000003
RB4                               00000004
RB5                               00000005
RB6                               00000006
RB7                               00000007
RBIE                              00000003
RBIF                              00000000
RC0                               00000000
RC1                               00000001
RC2                               00000002
RC3                               00000003
RC4                               00000004
RC5                               00000005
RC6                               00000006
RC7                               00000007
RC8_9                             00000006
RC9                               00000006
RCD8                              00000000
RCEN                              00000003
RCIE                              00000005
RCIF                              00000005
RCREG                             0000001A
RCSTA                             00000018
RD                                00000000
RD0                               00000000
RD1                               00000001
RD2                               00000002
RD3                               00000003
RD4                               00000004
RD5                               00000005
RD6                               00000006
RD7                               00000007
RE0                               00000000
RE1                               00000001
RE2                               00000002
READ_WRITE                        00000002
RP0                               00000005
RP1                               00000006
RSEN                              00000001
RX9                               00000006
RX9D                              00000000
R_NOT_W                           00000002
R_W                               00000002
MPASM 5.84                        USART2.ASM   12-21-2021  11:21:36         PAGE 10


SYMBOL TABLE
  LABEL                             VALUE 

S                                 00000003
SEN                               00000000
SMP                               00000007
SPBRG                             00000099
SPEN                              00000007
SREN                              00000005
SSPADD                            00000093
SSPBUF                            00000013
SSPCON                            00000014
SSPCON2                           00000091
SSPEN                             00000005
SSPIE                             00000003
SSPIF                             00000003
SSPM0                             00000000
SSPM1                             00000001
SSPM2                             00000002
SSPM3                             00000003
SSPOV                             00000006
SSPSTAT                           00000094
SSS                               00000069
STATUS                            00000003
STATUS_TEMP                       0000007E
SYNC                              00000004
T0CS                              00000005
T0IE                              00000005
T0IF                              00000002
T0SE                              00000004
T1CKPS0                           00000004
T1CKPS1                           00000005
T1CON                             00000010
T1INSYNC                          00000002
T1OSCEN                           00000003
T1SYNC                            00000002
T2CKPS0                           00000000
T2CKPS1                           00000001
T2CON                             00000012
TEMP                              00000022
TETIKLEME                         00000018
TMR0                              00000001
TMR0IE                            00000005
TMR0IF                            00000002
TMR1                              0000000E
TMR1CS                            00000001
TMR1H                             0000000F
TMR1IE                            00000000
TMR1IF                            00000000
TMR1L                             0000000E
TMR1ON                            00000000
TMR2                              00000011
TMR2IE                            00000001
TMR2IF                            00000001
TMR2ON                            00000002
TOUTPS0                           00000003
MPASM 5.84                        USART2.ASM   12-21-2021  11:21:36         PAGE 11


SYMBOL TABLE
  LABEL                             VALUE 

TOUTPS1                           00000004
TOUTPS2                           00000005
TOUTPS3                           00000006
TRISA                             00000085
TRISA0                            00000000
TRISA1                            00000001
TRISA2                            00000002
TRISA3                            00000003
TRISA4                            00000004
TRISA5                            00000005
TRISB                             00000086
TRISB0                            00000000
TRISB1                            00000001
TRISB2                            00000002
TRISB3                            00000003
TRISB4                            00000004
TRISB5                            00000005
TRISB6                            00000006
TRISB7                            00000007
TRISC                             00000087
TRISC0                            00000000
TRISC1                            00000001
TRISC2                            00000002
TRISC3                            00000003
TRISC4                            00000004
TRISC5                            00000005
TRISC6                            00000006
TRISC7                            00000007
TRISD                             00000088
TRISD0                            00000000
TRISD1                            00000001
TRISD2                            00000002
TRISD3                            00000003
TRISD4                            00000004
TRISD5                            00000005
TRISD6                            00000006
TRISD7                            00000007
TRISE                             00000089
TRISE0                            00000000
TRISE1                            00000001
TRISE2                            00000002
TRMT                              00000001
TX8_9                             00000006
TX9                               00000006
TX9D                              00000000
TXD8                              00000000
TXEN                              00000005
TXIE                              00000004
TXIF                              00000004
TXREG                             00000019
TXSTA                             00000098
UA                                00000001
VERI                              00000021
MPASM 5.84                        USART2.ASM   12-21-2021  11:21:36         PAGE 12


SYMBOL TABLE
  LABEL                             VALUE 

W                                 00000000
WCOL                              00000007
WR                                00000001
WREN                              00000002
WRERR                             00000003
W_TEMP                            0000007D
Z                                 00000002
_BODEN_OFF                        00003FBF
_BODEN_ON                         00003FFF
_BOREN_OFF                        00003FBF
_BOREN_ON                         00003FFF
_CONFIG                           00002007
_CPD_OFF                          00003FFF
_CPD_ON                           00003EFF
_CP_ALL                           00001FFF
_CP_OFF                           00003FFF
_CP_ON                            00001FFF
_DEBUG_OFF                        00003FFF
_DEBUG_ON                         000037FF
_DEVID1                           00002006
_FOSC_EXTRC                       00003FFF
_FOSC_HS                          00003FFE
_FOSC_LP                          00003FFC
_FOSC_XT                          00003FFD
_HS_OSC                           00003FFE
_IDLOC0                           00002000
_IDLOC1                           00002001
_IDLOC2                           00002002
_IDLOC3                           00002003
_LP_OSC                           00003FFC
_LVP_OFF                          00003F7F
_LVP_ON                           00003FFF
_PWRTE_OFF                        00003FFF
_PWRTE_ON                         00003FF7
_RC_OSC                           00003FFF
_WDTE_OFF                         00003FFB
_WDTE_ON                          00003FFF
_WDT_OFF                          00003FFB
_WDT_ON                           00003FFF
_WRT_1FOURTH                      00003BFF
_WRT_256                          00003DFF
_WRT_HALF                         000039FF
_WRT_OFF                          00003FFF
_XT_OSC                           00003FFD
__16F877A                         00000001

Errors   :     0
Warnings :    12 reported,     0 suppressed
Messages :     8 reported,     0 suppressed

