Warning[207] C:\USERS\EYüP AKDENÝZ\DESKTOP\NEW FOLDER\USART2.X\USART2.ASM 18 : Found label after column 1. (PCLATH_TEMP)
Warning[205] C:\USERS\EYüP AKDENÝZ\DESKTOP\NEW FOLDER\USART2.X\USART2.ASM 28 : Found directive in column 1. (ORG)
Warning[203] C:\USERS\EYüP AKDENÝZ\DESKTOP\NEW FOLDER\USART2.X\USART2.ASM 60 : Found opcode in column 1. (RETURN)
Warning[207] C:\USERS\EYüP AKDENÝZ\DESKTOP\NEW FOLDER\USART2.X\USART2.ASM 65 : Found label after column 1. (LOOP)
Warning[203] C:\USERS\EYüP AKDENÝZ\DESKTOP\NEW FOLDER\USART2.X\USART2.ASM 68 : Found opcode in column 1. (RETURN)
Warning[203] C:\USERS\EYüP AKDENÝZ\DESKTOP\NEW FOLDER\USART2.X\USART2.ASM 96 : Found opcode in column 1. (RETURN)
Message[302] C:\USERS\EYüP AKDENÝZ\DESKTOP\NEW FOLDER\USART2.X\USART2.ASM 101 : Register in operand not in bank 0.  Ensure that bank bits are correct.
Message[302] C:\USERS\EYüP AKDENÝZ\DESKTOP\NEW FOLDER\USART2.X\USART2.ASM 103 : Register in operand not in bank 0.  Ensure that bank bits are correct.
Warning[203] C:\USERS\EYüP AKDENÝZ\DESKTOP\NEW FOLDER\USART2.X\USART2.ASM 131 : Found opcode in column 1. (RETURN)
Message[302] C:\USERS\EYüP AKDENÝZ\DESKTOP\NEW FOLDER\USART2.X\USART2.ASM 136 : Register in operand not in bank 0.  Ensure that bank bits are correct.
Message[302] C:\USERS\EYüP AKDENÝZ\DESKTOP\NEW FOLDER\USART2.X\USART2.ASM 137 : Register in operand not in bank 0.  Ensure that bank bits are correct.
Message[302] C:\USERS\EYüP AKDENÝZ\DESKTOP\NEW FOLDER\USART2.X\USART2.ASM 140 : Register in operand not in bank 0.  Ensure that bank bits are correct.
Message[302] C:\USERS\EYüP AKDENÝZ\DESKTOP\NEW FOLDER\USART2.X\USART2.ASM 144 : Register in operand not in bank 0.  Ensure that bank bits are correct.
Warning[203] C:\USERS\EYüP AKDENÝZ\DESKTOP\NEW FOLDER\USART2.X\USART2.ASM 149 : Found opcode in column 1. (RETURN)
Message[302] C:\USERS\EYüP AKDENÝZ\DESKTOP\NEW FOLDER\USART2.X\USART2.ASM 153 : Register in operand not in bank 0.  Ensure that bank bits are correct.
Message[302] C:\USERS\EYüP AKDENÝZ\DESKTOP\NEW FOLDER\USART2.X\USART2.ASM 154 : Register in operand not in bank 0.  Ensure that bank bits are correct.
Warning[203] C:\USERS\EYüP AKDENÝZ\DESKTOP\NEW FOLDER\USART2.X\USART2.ASM 161 : Found opcode in column 1. (RETURN)
Warning[207] C:\USERS\EYüP AKDENÝZ\DESKTOP\NEW FOLDER\USART2.X\USART2.ASM 165 : Found label after column 1. (LOOP2)
Warning[203] C:\USERS\EYüP AKDENÝZ\DESKTOP\NEW FOLDER\USART2.X\USART2.ASM 168 : Found opcode in column 1. (RETURN)
Warning[203] C:\USERS\EYüP AKDENÝZ\DESKTOP\NEW FOLDER\USART2.X\USART2.ASM 202 : Found opcode in column 1. (GOTO)
