MPASM 5.84              2_BAS_GERI_SAYMA.ASM   11-7-2021  12:24:09         PAGE  1


LOC  OBJECT CODE     LINE SOURCE TEXT
  VALUE

Warning[205]: Found directive in column 1. (list)
                      00001 list            p=16f877A       
                      00002         #include        <p16f877A.inc>  
                      00001         LIST
                      00002 
                      00003 ;==========================================================================
                      00004 ; Build date : Mar 17 2019
                      00005 ;  MPASM PIC16F877A processor include
                      00006 ; 
                      00007 ;  (c) Copyright 1999-2019 Microchip Technology, All rights reserved
                      00008 ;==========================================================================
                      00009 
                      00567         LIST
                      00003         
2007   3F31           00004         __CONFIG    H'3F31'
                      00005 
                      00006 ;KULLANILACAK DEGISKENLER
  00000020            00007 G1      EQU 0x20
  00000021            00008 G2      EQU 0x21
  00000022            00009 G3      EQU 0x22
  00000023            00010 BIRLER  EQU 0x23
  00000025            00011 ONLAR   EQU 0x25
  00000024            00012 SAYAC   EQU 0x24
                      00013 ;***** Kesme durumunda kaydedilmesi gereken SFR ler icin kullanilacak yardimci degiskenler
                      00014                                 
  0000007D            00015 w_temp          EQU     0x7D            
  0000007E            00016 status_temp     EQU     0x7E            
  0000007F            00017 pclath_temp     EQU     0x7F
                      00018 ;********************************************************************************************
                      00019         ORG     0x00                     
                      00020 
0000   0000           00021         nop                             
0001   2???           00022         goto    BASLA                    
                      00023 
                      00024         
                      00025 ;**********************************************************************************************
                      00026         ORG     0x04                    
0004   00FD           00027         movwf   w_temp                  ; W nÄ±n yedegini al
0005   0803           00028         movf    STATUS,w                ; Status un yedegini almak icin onu once W ya al
0006   00FE           00029         movwf   status_temp             ; Status u yedek register 'Ä±na al
0007   080A           00030         movf    PCLATH,w                        ; PCLATH 'Ä± yedeklemek icin onu once W 'ya al
0008   00FF           00031         movwf   pclath_temp                     ; PCLATH 'Ä± yedek register a al
                      00032 
                      00033         ; gerekli kodlar
                      00034 
0009   087F           00035         movf    pclath_temp,w           ; Geri donmeden once tum yedekleri geri yukle
000A   008A           00036         movwf   PCLATH                          
000B   087E           00037         movf    status_temp,w           
000C   0083           00038         movwf   STATUS                  
000D   0EFD           00039         swapf   w_temp,f
000E   0E7D           00040         swapf   w_temp,w                
000F   0009           00041         retfie                          ; Kesme 'den don
                      00042 
MPASM 5.84              2_BAS_GERI_SAYMA.ASM   11-7-2021  12:24:09         PAGE  2


LOC  OBJECT CODE     LINE SOURCE TEXT
  VALUE

                      00043         
                      00044 ;***********************************************************************************************
0010                  00045 LOOK_UP
0010   0782           00046         ADDWF       PCL,1
0011   343F           00047         RETLW       0x3F
0012   3406           00048         RETLW       0x06
0013   345B           00049         RETLW       0x5B
0014   344F           00050         RETLW       0x4F
0015   3466           00051         RETLW       0x66
0016   346D           00052         RETLW       0x6D
0017   347D           00053         RETLW       0x7D
0018   3407           00054         RETLW       0x07
0019   347F           00055         RETLW       0x7F
001A   346F           00056         RETLW       0x6F
                      00057 ;***********************************************************************************************
001B                  00058 GECIKME 
                      00059 ;       MOVLW       0x02
                      00060 ;       MOVWF       G1
                      00061         
001B   3070           00062         MOVLW       0x70
001C   00A1           00063         MOVWF       G2
                      00064         
001D   30FF           00065         MOVLW       0xFF
001E   00A2           00066         MOVWF       G3
001F                  00067 LOOP
001F   0BA2           00068         DECFSZ      G3,1
0020   2???           00069         GOTO        LOOP
                      00070         
0021   0BA1           00071         DECFSZ      G2,1
0022   2???           00072         GOTO        LOOP
                      00073         
                      00074 ;       DECFSZ      G1,1
                      00075 ;       GOTO        LOOP
0023   0008           00076         RETURN
                      00077 
0024                  00078 BASLA
                      00079         
0024   1683 1303      00080         BANKSEL     ADCON1
0026   3006           00081         MOVLW       0x06
Message[302]: Register in operand not in bank 0.  Ensure that bank bits are correct.
0027   009F           00082         MOVWF       ADCON1
                      00083         
0028   1683 1303      00084         BANKSEL     TRISA  
002A   303C           00085         MOVLW       b'00111100'
Message[302]: Register in operand not in bank 0.  Ensure that bank bits are correct.
002B   0085           00086         MOVWF       TRISA
                      00087         
002C   1283 1303      00088         BANKSEL     PORTA
002E   0185           00089         CLRF        PORTA
                      00090         
002F   1683 1303      00091         BANKSEL     TRISB
Message[302]: Register in operand not in bank 0.  Ensure that bank bits are correct.
0031   0186           00092         CLRF        TRISB
MPASM 5.84              2_BAS_GERI_SAYMA.ASM   11-7-2021  12:24:09         PAGE  3


LOC  OBJECT CODE     LINE SOURCE TEXT
  VALUE

0032   1283 1303      00093         BANKSEL     PORTB
0034   0186           00094         CLRF        PORTB
                      00095         
0035   3000           00096         MOVLW       0X00
0036   0825           00097         MOVFW       ONLAR
0037   3000           00098         MOVLW       0X00
0038   0823           00099         MOVFW       BIRLER
                      00100                 
0039                  00101 DONGU
0039   300A           00102         MOVLW       D'10'
003A   00A4           00103         MOVWF       SAYAC
003B   1103           00104         BCF         STATUS,Z
                      00105         
003C   0824           00106         MOVF        SAYAC,W
003D   0223           00107         SUBWF       BIRLER,W
003E   1D03           00108         BTFSS       STATUS,Z        ;Z 0 OLMALI CALISMASI ?Ç?N
003F   2???           00109         GOTO        ISLEM
0040   2???           00110         GOTO        TEMIZ
                      00111         
0041                  00112 ISLEM
0041   3002           00113         MOVLW       b'00000010'
0042   0085           00114         MOVWF       PORTA
0043   0823           00115         MOVF        BIRLER,W
0044   2???           00116         CALL        LOOK_UP
0045   0086           00117         MOVWF       PORTB
0046   2???           00118         CALL        GECIKME
                      00119         
                      00120 
0047   3001           00121         MOVLW       b'00000001'
0048   0085           00122         MOVWF       PORTA
0049   0825           00123         MOVF        ONLAR,W
004A   2???           00124         CALL        LOOK_UP
004B   0086           00125         MOVWF       PORTB
004C   2???           00126         CALL        GECIKME
004D   0AA3           00127         INCF        BIRLER,1
004E   2???           00128         GOTO        DONGU       
                      00129 
004F                  00130 TEMIZ
004F   3000           00131         MOVLW       0x00
0050   00A3           00132         MOVWF       BIRLER
0051   3001           00133         MOVLW       D'1'
0052   07A5           00134         ADDWF       ONLAR,1
0053   2???           00135         GOTO        DONGU
                      00136         
                      00137 
                      00138         
                      00139         
3F31                  00140                 END
MPASM 5.84              2_BAS_GERI_SAYMA.ASM   11-7-2021  12:24:09         PAGE  4


SYMBOL TABLE
  LABEL                             VALUE 

ACKDT                             00000005
ACKEN                             00000004
ACKSTAT                           00000006
ADCON0                            0000001F
ADCON1                            0000009F
ADCS0                             00000006
ADCS1                             00000007
ADCS2                             00000006
ADDEN                             00000003
ADFM                              00000007
ADIE                              00000006
ADIF                              00000006
ADON                              00000000
ADRESH                            0000001E
ADRESL                            0000009E
BASLA                             00000024
BCLIE                             00000003
BCLIF                             00000003
BF                                00000000
BIRLER                            00000023
BRGH                              00000002
C                                 00000000
C1INV                             00000004
C1OUT                             00000006
C2INV                             00000005
C2OUT                             00000007
CCP1CON                           00000017
CCP1IE                            00000002
CCP1IF                            00000002
CCP1M0                            00000000
CCP1M1                            00000001
CCP1M2                            00000002
CCP1M3                            00000003
CCP1X                             00000005
CCP1Y                             00000004
CCP2CON                           0000001D
CCP2IE                            00000000
CCP2IF                            00000000
CCP2M0                            00000000
CCP2M1                            00000001
CCP2M2                            00000002
CCP2M3                            00000003
CCP2X                             00000005
CCP2Y                             00000004
CCPR1                             00000015
CCPR1H                            00000016
CCPR1L                            00000015
CCPR2                             0000001B
CCPR2H                            0000001C
CCPR2L                            0000001B
CHS0                              00000003
CHS1                              00000004
CHS2                              00000005
MPASM 5.84              2_BAS_GERI_SAYMA.ASM   11-7-2021  12:24:09         PAGE  5


SYMBOL TABLE
  LABEL                             VALUE 

CIS                               00000003
CKE                               00000006
CKP                               00000004
CM0                               00000000
CM1                               00000001
CM2                               00000002
CMCON                             0000009C
CMIE                              00000006
CMIF                              00000006
CREN                              00000004
CSRC                              00000007
CVR0                              00000000
CVR1                              00000001
CVR2                              00000002
CVR3                              00000003
CVRCON                            0000009D
CVREN                             00000007
CVROE                             00000006
CVRR                              00000005
D                                 00000005
DATA_ADDRESS                      00000005
DC                                00000001
DONGU                             00000039
D_A                               00000005
D_NOT_A                           00000005
EEADR                             0000010D
EEADRH                            0000010F
EECON1                            0000018C
EECON2                            0000018D
EEDATA                            0000010C
EEDATH                            0000010E
EEIE                              00000004
EEIF                              00000004
EEPGD                             00000007
F                                 00000001
FERR                              00000002
FSR                               00000004
G1                                00000020
G2                                00000021
G3                                00000022
GCEN                              00000007
GECIKME                           0000001B
GIE                               00000007
GO                                00000002
GO_DONE                           00000002
GO_NOT_DONE                       00000002
I2C_DATA                          00000005
I2C_READ                          00000002
I2C_START                         00000003
I2C_STOP                          00000004
IBF                               00000007
IBOV                              00000005
INDF                              00000000
MPASM 5.84              2_BAS_GERI_SAYMA.ASM   11-7-2021  12:24:09         PAGE  6


SYMBOL TABLE
  LABEL                             VALUE 

INTCON                            0000000B
INTE                              00000004
INTEDG                            00000006
INTF                              00000001
IRP                               00000007
ISLEM                             00000041
LOOK_UP                           00000010
LOOP                              0000001F
NOT_A                             00000005
NOT_ADDRESS                       00000005
NOT_BO                            00000000
NOT_BOR                           00000000
NOT_DONE                          00000002
NOT_PD                            00000003
NOT_POR                           00000001
NOT_RBPU                          00000007
NOT_RC8                           00000006
NOT_T1SYNC                        00000002
NOT_TO                            00000004
NOT_TX8                           00000006
NOT_W                             00000002
NOT_WRITE                         00000002
OBF                               00000006
OERR                              00000001
ONLAR                             00000025
OPTION_REG                        00000081
P                                 00000004
PCFG0                             00000000
PCFG1                             00000001
PCFG2                             00000002
PCFG3                             00000003
PCL                               00000002
PCLATH                            0000000A
PCON                              0000008E
PEIE                              00000006
PEN                               00000002
PIE1                              0000008C
PIE2                              0000008D
PIR1                              0000000C
PIR2                              0000000D
PORTA                             00000005
PORTB                             00000006
PORTC                             00000007
PORTD                             00000008
PORTE                             00000009
PR2                               00000092
PS0                               00000000
PS1                               00000001
PS2                               00000002
PSA                               00000003
PSPIE                             00000007
PSPIF                             00000007
PSPMODE                           00000004
MPASM 5.84              2_BAS_GERI_SAYMA.ASM   11-7-2021  12:24:09         PAGE  7


SYMBOL TABLE
  LABEL                             VALUE 

R                                 00000002
RA0                               00000000
RA1                               00000001
RA2                               00000002
RA3                               00000003
RA4                               00000004
RA5                               00000005
RB0                               00000000
RB1                               00000001
RB2                               00000002
RB3                               00000003
RB4                               00000004
RB5                               00000005
RB6                               00000006
RB7                               00000007
RBIE                              00000003
RBIF                              00000000
RC0                               00000000
RC1                               00000001
RC2                               00000002
RC3                               00000003
RC4                               00000004
RC5                               00000005
RC6                               00000006
RC7                               00000007
RC8_9                             00000006
RC9                               00000006
RCD8                              00000000
RCEN                              00000003
RCIE                              00000005
RCIF                              00000005
RCREG                             0000001A
RCSTA                             00000018
RD                                00000000
RD0                               00000000
RD1                               00000001
RD2                               00000002
RD3                               00000003
RD4                               00000004
RD5                               00000005
RD6                               00000006
RD7                               00000007
RE0                               00000000
RE1                               00000001
RE2                               00000002
READ_WRITE                        00000002
RP0                               00000005
RP1                               00000006
RSEN                              00000001
RX9                               00000006
RX9D                              00000000
R_NOT_W                           00000002
R_W                               00000002
MPASM 5.84              2_BAS_GERI_SAYMA.ASM   11-7-2021  12:24:09         PAGE  8


SYMBOL TABLE
  LABEL                             VALUE 

S                                 00000003
SAYAC                             00000024
SEN                               00000000
SMP                               00000007
SPBRG                             00000099
SPEN                              00000007
SREN                              00000005
SSPADD                            00000093
SSPBUF                            00000013
SSPCON                            00000014
SSPCON2                           00000091
SSPEN                             00000005
SSPIE                             00000003
SSPIF                             00000003
SSPM0                             00000000
SSPM1                             00000001
SSPM2                             00000002
SSPM3                             00000003
SSPOV                             00000006
SSPSTAT                           00000094
STATUS                            00000003
SYNC                              00000004
T0CS                              00000005
T0IE                              00000005
T0IF                              00000002
T0SE                              00000004
T1CKPS0                           00000004
T1CKPS1                           00000005
T1CON                             00000010
T1INSYNC                          00000002
T1OSCEN                           00000003
T1SYNC                            00000002
T2CKPS0                           00000000
T2CKPS1                           00000001
T2CON                             00000012
TEMIZ                             0000004F
TMR0                              00000001
TMR0IE                            00000005
TMR0IF                            00000002
TMR1                              0000000E
TMR1CS                            00000001
TMR1H                             0000000F
TMR1IE                            00000000
TMR1IF                            00000000
TMR1L                             0000000E
TMR1ON                            00000000
TMR2                              00000011
TMR2IE                            00000001
TMR2IF                            00000001
TMR2ON                            00000002
TOUTPS0                           00000003
TOUTPS1                           00000004
TOUTPS2                           00000005
MPASM 5.84              2_BAS_GERI_SAYMA.ASM   11-7-2021  12:24:09         PAGE  9


SYMBOL TABLE
  LABEL                             VALUE 

TOUTPS3                           00000006
TRISA                             00000085
TRISA0                            00000000
TRISA1                            00000001
TRISA2                            00000002
TRISA3                            00000003
TRISA4                            00000004
TRISA5                            00000005
TRISB                             00000086
TRISB0                            00000000
TRISB1                            00000001
TRISB2                            00000002
TRISB3                            00000003
TRISB4                            00000004
TRISB5                            00000005
TRISB6                            00000006
TRISB7                            00000007
TRISC                             00000087
TRISC0                            00000000
TRISC1                            00000001
TRISC2                            00000002
TRISC3                            00000003
TRISC4                            00000004
TRISC5                            00000005
TRISC6                            00000006
TRISC7                            00000007
TRISD                             00000088
TRISD0                            00000000
TRISD1                            00000001
TRISD2                            00000002
TRISD3                            00000003
TRISD4                            00000004
TRISD5                            00000005
TRISD6                            00000006
TRISD7                            00000007
TRISE                             00000089
TRISE0                            00000000
TRISE1                            00000001
TRISE2                            00000002
TRMT                              00000001
TX8_9                             00000006
TX9                               00000006
TX9D                              00000000
TXD8                              00000000
TXEN                              00000005
TXIE                              00000004
TXIF                              00000004
TXREG                             00000019
TXSTA                             00000098
UA                                00000001
W                                 00000000
WCOL                              00000007
WR                                00000001
MPASM 5.84              2_BAS_GERI_SAYMA.ASM   11-7-2021  12:24:09         PAGE 10


SYMBOL TABLE
  LABEL                             VALUE 

WREN                              00000002
WRERR                             00000003
Z                                 00000002
_BODEN_OFF                        00003FBF
_BODEN_ON                         00003FFF
_BOREN_OFF                        00003FBF
_BOREN_ON                         00003FFF
_CONFIG                           00002007
_CPD_OFF                          00003FFF
_CPD_ON                           00003EFF
_CP_ALL                           00001FFF
_CP_OFF                           00003FFF
_CP_ON                            00001FFF
_DEBUG_OFF                        00003FFF
_DEBUG_ON                         000037FF
_DEVID1                           00002006
_FOSC_EXTRC                       00003FFF
_FOSC_HS                          00003FFE
_FOSC_LP                          00003FFC
_FOSC_XT                          00003FFD
_HS_OSC                           00003FFE
_IDLOC0                           00002000
_IDLOC1                           00002001
_IDLOC2                           00002002
_IDLOC3                           00002003
_LP_OSC                           00003FFC
_LVP_OFF                          00003F7F
_LVP_ON                           00003FFF
_PWRTE_OFF                        00003FFF
_PWRTE_ON                         00003FF7
_RC_OSC                           00003FFF
_WDTE_OFF                         00003FFB
_WDTE_ON                          00003FFF
_WDT_OFF                          00003FFB
_WDT_ON                           00003FFF
_WRT_1FOURTH                      00003BFF
_WRT_256                          00003DFF
_WRT_HALF                         000039FF
_WRT_OFF                          00003FFF
_XT_OSC                           00003FFD
__16F877A                         00000001
pclath_temp                       0000007F
status_temp                       0000007E
w_temp                            0000007D

Errors   :     0
Warnings :     1 reported,     0 suppressed
Messages :     3 reported,     0 suppressed

