MPASM 5.84                    DOT_MATRIS.ASM   11-12-2021  14:51:25         PAGE  1


LOC  OBJECT CODE     LINE SOURCE TEXT
  VALUE

                      00001         list            p=16f877A       
                      00002         #include        <p16f877A.inc>  
                      00001         LIST
                      00002 
                      00003 ;==========================================================================
                      00004 ; Build date : Mar 17 2019
                      00005 ;  MPASM PIC16F877A processor include
                      00006 ; 
                      00007 ;  (c) Copyright 1999-2019 Microchip Technology, All rights reserved
                      00008 ;==========================================================================
                      00009 
                      00567         LIST
                      00003         
2007   3F31           00004         __CONFIG    H'3F31'
                      00005 
                      00006 ;KULLANILACAK DEGISKENLER
  00000020            00007 G1              EQU 0x20
  00000021            00008 G2              EQU 0x21
  00000022            00009 SAYI            EQU 0x22
  00000023            00010 G11             EQU 0x23
  00000020            00011 SAYII           EQU 0x20
  00000021            00012 G22             EQU 0x21
                      00013 
                      00014 ;***** Kesme durumunda kaydedilmesi gereken SFR ler icin kullanilacak yardimci degiskenler
                      00015                                 
  0000007D            00016 w_temp          EQU     0x7D            
  0000007E            00017 status_temp     EQU     0x7E            
  0000007F            00018 pclath_temp     EQU     0x7F
                      00019 ;********************************************************************************************
                      00020         ORG     0x00                     
                      00021 
0000   0000           00022         NOP                             
0001   2???           00023         GOTO    BASLA                    
                      00024 ;**********************************************************************************************
                      00025         ORG     0x04                    
0004   00FD           00026         movwf   w_temp          ;W yedegi alIndI        
0005   0803           00027         movf    STATUS,w        ;STATUS'un yedegini almak icin once W attIk     
0006   00FE           00028         movwf   status_temp     ;statusun yedegi alIndI
0007   080A           00029         movf    PCLATH,w                
0008   00FF           00030         movwf   pclath_temp     ;PCLATH  yedegi alIndI                  
                      00031 
0009   087F           00032         movf    pclath_temp,w     ;geri donmeden once tum yedekleri geri yukle  
000A   008A           00033         movwf   PCLATH                          
000B   087E           00034         movf    status_temp,w           
000C   0083           00035         movwf   STATUS                  
000D   0EFD           00036         swapf   w_temp,f           ;STATUSU etkilemesin diye
000E   0E7D           00037         swapf   w_temp,w           ;STATUSU etkilemesin diye    
000F   0009           00038         retfie                     ;kesmeden don        
                      00039 
                      00040         
                      00041 ;***********************************************************************************************
0010                  00042 GECIKME
0010   300D           00043         MOVLW       0x0D
MPASM 5.84                    DOT_MATRIS.ASM   11-12-2021  14:51:25         PAGE  2


LOC  OBJECT CODE     LINE SOURCE TEXT
  VALUE

0011   00A0           00044         MOVWF       G1
                      00045         
0012   30FF           00046         MOVLW       0xFF
0013   00A1           00047         MOVWF       G2
0014                  00048 LOOP
0014   0BA1           00049         DECFSZ      G2,1
0015   2???           00050         GOTO        LOOP
                      00051         
0016   0BA0           00052         DECFSZ      G1,1
0017   2???           00053         GOTO        LOOP
0018   0008           00054         RETURN
                      00055         
                      00056 ;GECIKME2
                      00057 ;       MOVLW       0x10
                      00058 ;       MOVWF       G11
                      00059 ;       
                      00060 ;       MOVLW       0xFF
                      00061 ;       MOVWF       G22
                      00062 ;LOOP1
                      00063 ;       DECFSZ      G22,1
                      00064 ;       GOTO        LOOP1
                      00065 ;       
                      00066 ;       DECFSZ      G11,1
                      00067 ;       GOTO        LOOP1
                      00068 ;       RETURN
                      00069         
0019                  00070 LOOKUP
0019   0782           00071         ADDWF       PCL,1
001A   3496           00072         RETLW       B'10010110'
001B   34A9           00073         RETLW       B'10101001'
001C   34E9           00074         RETLW       B'11101001'
001D   34A9           00075         RETLW       B'10101001'
001E   3492           00076         RETLW       B'10010010'
                      00077         
001F                  00078 BASLA
001F   1683 1303      00079         BANKSEL     TRISB
Message[302]: Register in operand not in bank 0.  Ensure that bank bits are correct.
0021   0186           00080         CLRF        TRISB
Message[302]: Register in operand not in bank 0.  Ensure that bank bits are correct.
0022   0187           00081         CLRF        TRISC
                      00082         
0023   1283 1303      00083         BANKSEL     PORTB
0025   0186           00084         CLRF        PORTB
0026   0187           00085         CLRF        PORTC
                      00086         
                      00087 
                      00088         
0027                  00089 ISLE
0027   01A2           00090         CLRF        SAYI
0028   3001           00091         MOVLW       B'00000001'
0029   0086           00092         MOVWF       PORTB
002A   0103           00093         CLRW
                      00094 
MPASM 5.84                    DOT_MATRIS.ASM   11-12-2021  14:51:25         PAGE  3


LOC  OBJECT CODE     LINE SOURCE TEXT
  VALUE

002B                  00095 ISLEM
002B   3005           00096         MOVLW       D'5'
002C   0222           00097         SUBWF       SAYI,W
002D   1903           00098         BTFSC       STATUS,Z
002E   2???           00099         CALL        ISLE
002F   0822           00100         MOVF        SAYI,W
0030   2???           00101         CALL        LOOKUP
0031   0087           00102         MOVWF       PORTC
0032   2???           00103         CALL        GECIKME
0033   0D86           00104         RLF         PORTB,1
0034   0AA2           00105         INCF        SAYI,1
0035   2???           00106         GOTO        ISLEM
                      00107 
3F31                  00108         END
MPASM 5.84                    DOT_MATRIS.ASM   11-12-2021  14:51:25         PAGE  4


SYMBOL TABLE
  LABEL                             VALUE 

ACKDT                             00000005
ACKEN                             00000004
ACKSTAT                           00000006
ADCON0                            0000001F
ADCON1                            0000009F
ADCS0                             00000006
ADCS1                             00000007
ADCS2                             00000006
ADDEN                             00000003
ADFM                              00000007
ADIE                              00000006
ADIF                              00000006
ADON                              00000000
ADRESH                            0000001E
ADRESL                            0000009E
BASLA                             0000001F
BCLIE                             00000003
BCLIF                             00000003
BF                                00000000
BRGH                              00000002
C                                 00000000
C1INV                             00000004
C1OUT                             00000006
C2INV                             00000005
C2OUT                             00000007
CCP1CON                           00000017
CCP1IE                            00000002
CCP1IF                            00000002
CCP1M0                            00000000
CCP1M1                            00000001
CCP1M2                            00000002
CCP1M3                            00000003
CCP1X                             00000005
CCP1Y                             00000004
CCP2CON                           0000001D
CCP2IE                            00000000
CCP2IF                            00000000
CCP2M0                            00000000
CCP2M1                            00000001
CCP2M2                            00000002
CCP2M3                            00000003
CCP2X                             00000005
CCP2Y                             00000004
CCPR1                             00000015
CCPR1H                            00000016
CCPR1L                            00000015
CCPR2                             0000001B
CCPR2H                            0000001C
CCPR2L                            0000001B
CHS0                              00000003
CHS1                              00000004
CHS2                              00000005
CIS                               00000003
MPASM 5.84                    DOT_MATRIS.ASM   11-12-2021  14:51:25         PAGE  5


SYMBOL TABLE
  LABEL                             VALUE 

CKE                               00000006
CKP                               00000004
CM0                               00000000
CM1                               00000001
CM2                               00000002
CMCON                             0000009C
CMIE                              00000006
CMIF                              00000006
CREN                              00000004
CSRC                              00000007
CVR0                              00000000
CVR1                              00000001
CVR2                              00000002
CVR3                              00000003
CVRCON                            0000009D
CVREN                             00000007
CVROE                             00000006
CVRR                              00000005
D                                 00000005
DATA_ADDRESS                      00000005
DC                                00000001
D_A                               00000005
D_NOT_A                           00000005
EEADR                             0000010D
EEADRH                            0000010F
EECON1                            0000018C
EECON2                            0000018D
EEDATA                            0000010C
EEDATH                            0000010E
EEIE                              00000004
EEIF                              00000004
EEPGD                             00000007
F                                 00000001
FERR                              00000002
FSR                               00000004
G1                                00000020
G11                               00000023
G2                                00000021
G22                               00000021
GCEN                              00000007
GECIKME                           00000010
GIE                               00000007
GO                                00000002
GO_DONE                           00000002
GO_NOT_DONE                       00000002
I2C_DATA                          00000005
I2C_READ                          00000002
I2C_START                         00000003
I2C_STOP                          00000004
IBF                               00000007
IBOV                              00000005
INDF                              00000000
INTCON                            0000000B
MPASM 5.84                    DOT_MATRIS.ASM   11-12-2021  14:51:25         PAGE  6


SYMBOL TABLE
  LABEL                             VALUE 

INTE                              00000004
INTEDG                            00000006
INTF                              00000001
IRP                               00000007
ISLE                              00000027
ISLEM                             0000002B
LOOKUP                            00000019
LOOP                              00000014
NOT_A                             00000005
NOT_ADDRESS                       00000005
NOT_BO                            00000000
NOT_BOR                           00000000
NOT_DONE                          00000002
NOT_PD                            00000003
NOT_POR                           00000001
NOT_RBPU                          00000007
NOT_RC8                           00000006
NOT_T1SYNC                        00000002
NOT_TO                            00000004
NOT_TX8                           00000006
NOT_W                             00000002
NOT_WRITE                         00000002
OBF                               00000006
OERR                              00000001
OPTION_REG                        00000081
P                                 00000004
PCFG0                             00000000
PCFG1                             00000001
PCFG2                             00000002
PCFG3                             00000003
PCL                               00000002
PCLATH                            0000000A
PCON                              0000008E
PEIE                              00000006
PEN                               00000002
PIE1                              0000008C
PIE2                              0000008D
PIR1                              0000000C
PIR2                              0000000D
PORTA                             00000005
PORTB                             00000006
PORTC                             00000007
PORTD                             00000008
PORTE                             00000009
PR2                               00000092
PS0                               00000000
PS1                               00000001
PS2                               00000002
PSA                               00000003
PSPIE                             00000007
PSPIF                             00000007
PSPMODE                           00000004
R                                 00000002
MPASM 5.84                    DOT_MATRIS.ASM   11-12-2021  14:51:25         PAGE  7


SYMBOL TABLE
  LABEL                             VALUE 

RA0                               00000000
RA1                               00000001
RA2                               00000002
RA3                               00000003
RA4                               00000004
RA5                               00000005
RB0                               00000000
RB1                               00000001
RB2                               00000002
RB3                               00000003
RB4                               00000004
RB5                               00000005
RB6                               00000006
RB7                               00000007
RBIE                              00000003
RBIF                              00000000
RC0                               00000000
RC1                               00000001
RC2                               00000002
RC3                               00000003
RC4                               00000004
RC5                               00000005
RC6                               00000006
RC7                               00000007
RC8_9                             00000006
RC9                               00000006
RCD8                              00000000
RCEN                              00000003
RCIE                              00000005
RCIF                              00000005
RCREG                             0000001A
RCSTA                             00000018
RD                                00000000
RD0                               00000000
RD1                               00000001
RD2                               00000002
RD3                               00000003
RD4                               00000004
RD5                               00000005
RD6                               00000006
RD7                               00000007
RE0                               00000000
RE1                               00000001
RE2                               00000002
READ_WRITE                        00000002
RP0                               00000005
RP1                               00000006
RSEN                              00000001
RX9                               00000006
RX9D                              00000000
R_NOT_W                           00000002
R_W                               00000002
S                                 00000003
MPASM 5.84                    DOT_MATRIS.ASM   11-12-2021  14:51:25         PAGE  8


SYMBOL TABLE
  LABEL                             VALUE 

SAYI                              00000022
SAYII                             00000020
SEN                               00000000
SMP                               00000007
SPBRG                             00000099
SPEN                              00000007
SREN                              00000005
SSPADD                            00000093
SSPBUF                            00000013
SSPCON                            00000014
SSPCON2                           00000091
SSPEN                             00000005
SSPIE                             00000003
SSPIF                             00000003
SSPM0                             00000000
SSPM1                             00000001
SSPM2                             00000002
SSPM3                             00000003
SSPOV                             00000006
SSPSTAT                           00000094
STATUS                            00000003
SYNC                              00000004
T0CS                              00000005
T0IE                              00000005
T0IF                              00000002
T0SE                              00000004
T1CKPS0                           00000004
T1CKPS1                           00000005
T1CON                             00000010
T1INSYNC                          00000002
T1OSCEN                           00000003
T1SYNC                            00000002
T2CKPS0                           00000000
T2CKPS1                           00000001
T2CON                             00000012
TMR0                              00000001
TMR0IE                            00000005
TMR0IF                            00000002
TMR1                              0000000E
TMR1CS                            00000001
TMR1H                             0000000F
TMR1IE                            00000000
TMR1IF                            00000000
TMR1L                             0000000E
TMR1ON                            00000000
TMR2                              00000011
TMR2IE                            00000001
TMR2IF                            00000001
TMR2ON                            00000002
TOUTPS0                           00000003
TOUTPS1                           00000004
TOUTPS2                           00000005
TOUTPS3                           00000006
MPASM 5.84                    DOT_MATRIS.ASM   11-12-2021  14:51:25         PAGE  9


SYMBOL TABLE
  LABEL                             VALUE 

TRISA                             00000085
TRISA0                            00000000
TRISA1                            00000001
TRISA2                            00000002
TRISA3                            00000003
TRISA4                            00000004
TRISA5                            00000005
TRISB                             00000086
TRISB0                            00000000
TRISB1                            00000001
TRISB2                            00000002
TRISB3                            00000003
TRISB4                            00000004
TRISB5                            00000005
TRISB6                            00000006
TRISB7                            00000007
TRISC                             00000087
TRISC0                            00000000
TRISC1                            00000001
TRISC2                            00000002
TRISC3                            00000003
TRISC4                            00000004
TRISC5                            00000005
TRISC6                            00000006
TRISC7                            00000007
TRISD                             00000088
TRISD0                            00000000
TRISD1                            00000001
TRISD2                            00000002
TRISD3                            00000003
TRISD4                            00000004
TRISD5                            00000005
TRISD6                            00000006
TRISD7                            00000007
TRISE                             00000089
TRISE0                            00000000
TRISE1                            00000001
TRISE2                            00000002
TRMT                              00000001
TX8_9                             00000006
TX9                               00000006
TX9D                              00000000
TXD8                              00000000
TXEN                              00000005
TXIE                              00000004
TXIF                              00000004
TXREG                             00000019
TXSTA                             00000098
UA                                00000001
W                                 00000000
WCOL                              00000007
WR                                00000001
WREN                              00000002
MPASM 5.84                    DOT_MATRIS.ASM   11-12-2021  14:51:25         PAGE 10


SYMBOL TABLE
  LABEL                             VALUE 

WRERR                             00000003
Z                                 00000002
_BODEN_OFF                        00003FBF
_BODEN_ON                         00003FFF
_BOREN_OFF                        00003FBF
_BOREN_ON                         00003FFF
_CONFIG                           00002007
_CPD_OFF                          00003FFF
_CPD_ON                           00003EFF
_CP_ALL                           00001FFF
_CP_OFF                           00003FFF
_CP_ON                            00001FFF
_DEBUG_OFF                        00003FFF
_DEBUG_ON                         000037FF
_DEVID1                           00002006
_FOSC_EXTRC                       00003FFF
_FOSC_HS                          00003FFE
_FOSC_LP                          00003FFC
_FOSC_XT                          00003FFD
_HS_OSC                           00003FFE
_IDLOC0                           00002000
_IDLOC1                           00002001
_IDLOC2                           00002002
_IDLOC3                           00002003
_LP_OSC                           00003FFC
_LVP_OFF                          00003F7F
_LVP_ON                           00003FFF
_PWRTE_OFF                        00003FFF
_PWRTE_ON                         00003FF7
_RC_OSC                           00003FFF
_WDTE_OFF                         00003FFB
_WDTE_ON                          00003FFF
_WDT_OFF                          00003FFB
_WDT_ON                           00003FFF
_WRT_1FOURTH                      00003BFF
_WRT_256                          00003DFF
_WRT_HALF                         000039FF
_WRT_OFF                          00003FFF
_XT_OSC                           00003FFD
__16F877A                         00000001
pclath_temp                       0000007F
status_temp                       0000007E
w_temp                            0000007D

Errors   :     0
Warnings :     0 reported,     0 suppressed
Messages :     2 reported,     0 suppressed

