MPASM 5.84                        USART1.ASM   12-21-2021  11:26:20         PAGE  1


LOC  OBJECT CODE     LINE SOURCE TEXT
  VALUE

                      00001         list            p=16f877A       
                      00002         #include        <p16f877A.inc>  
                      00001         LIST
                      00002 
                      00003 ;==========================================================================
                      00004 ; Build date : Mar 17 2019
                      00005 ;  MPASM PIC16F877A processor include
                      00006 ; 
                      00007 ;  (c) Copyright 1999-2019 Microchip Technology, All rights reserved
                      00008 ;==========================================================================
                      00009 
                      00567         LIST
                      00003         
2007   3F31           00004         __CONFIG H'3F31'
  00000020            00005 G1          EQU 0x20
  00000022            00006 TEMP        EQU 0x22
  00000023            00007 VERI        EQU 0x23
                      00008         
  0000007D            00009 W_TEMP      EQU 0x7D
  0000007E            00010 STATUS_TEMP EQU 0x7E
  0000007F            00011 PCLATH_TEMP EQU 0x7F
                      00012 ;*************************************
                      00013     ORG 0x000
0000   0000           00014     NOP 
0001   2???           00015     GOTO    BAS
                      00016 ;***************************************
                      00017     ORG 0x004
0004   00FD           00018     MOVWF   W_TEMP
0005   0803           00019     MOVF    STATUS,W
0006   00FE           00020     MOVWF   STATUS_TEMP
0007   080A           00021     MOVF    PCLATH,W
0008   00FF           00022     MOVWF   PCLATH_TEMP
                      00023 
0009   1283 1303      00024     BANKSEL PIR1
000B   128C           00025     BCF     PIR1,RCIF
000C   081A           00026     MOVF    RCREG,W
000D   1283 1303      00027     BANKSEL PORTB
000F   1606           00028     BSF     PORTB,4
0010   2???           00029     CALL    LCD_GONDER
                      00030     
0011                  00031 CIK
0011   087F           00032     MOVF    PCLATH_TEMP,W
0012   008A           00033     MOVWF   PCLATH
0013   087E           00034     MOVF    STATUS_TEMP,W
0014   0083           00035     MOVWF   STATUS
0015   0EFD           00036     SWAPF   W_TEMP,1
0016   0E7D           00037     SWAPF   W_TEMP,0
0017   0009           00038     RETFIE
                      00039  ;******************************************
0018                  00040 GECIKME_200USN
0018   30C8           00041     MOVLW   0xC8
0019   00A0           00042     MOVWF   G1
001A                  00043 LOOP    
MPASM 5.84                        USART1.ASM   12-21-2021  11:26:20         PAGE  2


LOC  OBJECT CODE     LINE SOURCE TEXT
  VALUE

001A   0BA0           00044     DECFSZ  G1,1
001B   2???           00045     GOTO    LOOP
001C   0008           00046     RETURN
                      00047 ;************************************
001D                  00048 USART_AYAR
001D   1683 1303      00049     BANKSEL TRISC
001F   3080           00050     MOVLW   B'10000000'
Message[302]: Register in operand not in bank 0.  Ensure that bank bits are correct.
0020   0087           00051     MOVWF   TRISC
                      00052     
0021   3019           00053     MOVLW   0x19
Message[302]: Register in operand not in bank 0.  Ensure that bank bits are correct.
0022   0099           00054     MOVWF   SPBRG
                      00055     
0023   1683 1303      00056     BANKSEL TXSTA
0025   3026           00057     MOVLW   0x26
Message[302]: Register in operand not in bank 0.  Ensure that bank bits are correct.
0026   0098           00058     MOVWF   TXSTA
                      00059     
0027   1283 1303      00060     BANKSEL RCSTA
0029   3090           00061     MOVLW   0x90
002A   0098           00062     MOVWF   RCSTA
002B   0008           00063     RETURN
                      00064 ;************************************
Warning[207]: Found label after column 1. (KESME_AYAR)
002C                  00065  KESME_AYAR
002C   1683 1303      00066     BANKSEL PIE1
Message[302]: Register in operand not in bank 0.  Ensure that bank bits are correct.
002E   120C           00067     BCF     PIE1,TXIE
Message[302]: Register in operand not in bank 0.  Ensure that bank bits are correct.
002F   168C           00068     BSF     PIE1,RCIE
                      00069     
0030   1283 1303      00070     BANKSEL INTCON
0032   178B           00071     BSF     INTCON,GIE
0033   170B           00072     BSF     INTCON,PEIE
0034   0008           00073     RETURN
                      00074 ;*************************************** 
0035                  00075 LCD_AYAR
0035   1683 1303      00076     BANKSEL TRISB
Message[302]: Register in operand not in bank 0.  Ensure that bank bits are correct.
0037   0186           00077     CLRF    TRISB
0038   1283 1303      00078     BANKSEL PORTB
003A   0186           00079     CLRF    PORTB
                      00080     
003B   2???           00081     CALL    TETIK
003C   2???           00082     CALL    GECIKME_200USN
003D   2???           00083     CALL    TETIK
003E   2???           00084     CALL    GECIKME_200USN
                      00085     
003F   1206           00086     BCF     PORTB,4
0040   3002           00087     MOVLW   0x02
0041   2???           00088     CALL    LCD_GONDER
0042   3028           00089     MOVLW   0x28
MPASM 5.84                        USART1.ASM   12-21-2021  11:26:20         PAGE  3


LOC  OBJECT CODE     LINE SOURCE TEXT
  VALUE

0043   2???           00090     CALL    LCD_GONDER
0044   3010           00091     MOVLW   0x10
0045   2???           00092     CALL    LCD_GONDER
0046   300D           00093     MOVLW   0x0D
0047   2???           00094     CALL    LCD_GONDER
0048   3001           00095     MOVLW   0x01
0049   2???           00096     CALL    LCD_GONDER
004A   3006           00097     MOVLW   0x06
004B   0008           00098     RETURN
                      00099 ;*******************************************
004C                  00100 TETIK
004C   1283 1303      00101     BANKSEL PORTB
004E   1686           00102     BSF     PORTB,5
004F   2???           00103     CALL    GECIKME_200USN
0050   1286           00104     BCF     PORTB,5
0051   0008           00105     RETURN
                      00106 ;****************************
0052                  00107 LCD_GONDER
0052   00A3           00108     MOVWF   VERI
                      00109     
0053   0E23           00110     SWAPF   VERI,0
0054   390F           00111     ANDLW   0x0F
0055   00A2           00112     MOVWF   TEMP
0056   0806           00113     MOVF    PORTB,W
0057   39F0           00114     ANDLW   0xF0
0058   0422           00115     IORWF   TEMP,0
0059   0086           00116     MOVWF   PORTB
005A   2???           00117     CALL    TETIK
                      00118     
005B   0823           00119     MOVF    VERI,W
005C   390F           00120     ANDLW   0x0F
005D   00A2           00121     MOVWF   TEMP
005E   0806           00122     MOVF    PORTB,W
005F   39F0           00123     ANDLW   0xF0
0060   0422           00124     IORWF   TEMP,0
0061   0086           00125     MOVWF   PORTB
0062   2???           00126     CALL    TETIK
0063   0008           00127     RETURN
                      00128 ;****************************
0064                  00129 SS
0064   1283 1303      00130     BANKSEL PIR1
0066   1E0C           00131     BTFSS   PIR1,TXIF
0067   2???           00132     GOTO    SS
0068   0008           00133     RETURN
                      00134 ;*************************
0069                  00135 BAS
0069   2???           00136     CALL    USART_AYAR
006A   2???           00137     CALL    KESME_AYAR
006B   2???           00138     CALL    LCD_AYAR
                      00139     
006C   1283 1303      00140     BANKSEL TXREG
006E   3031           00141     MOVLW   0x31
006F   0099           00142     MOVWF   TXREG
MPASM 5.84                        USART1.ASM   12-21-2021  11:26:20         PAGE  4


LOC  OBJECT CODE     LINE SOURCE TEXT
  VALUE

0070   2???           00143     CALL    SS 
                      00144     
0071   1283 1303      00145    BANKSEL TXREG
0073   3032           00146     MOVLW   0x32
0074   0099           00147     MOVWF   TXREG
0075   2???           00148     CALL    SS
                      00149     
0076   1283 1303      00150     BANKSEL TXREG
0078   3033           00151     MOVLW   0x33
0079   0099           00152     MOVWF   TXREG
007A   2???           00153     CALL    SS
                      00154     
007B   1283 1303      00155     BANKSEL TXREG
007D   3034           00156     MOVLW   0x34
007E   0099           00157     MOVWF   TXREG
007F   2???           00158     CALL    SS
0080                  00159 DD
0080   2???           00160     GOTO    DD
3F31                  00161     END
MPASM 5.84                        USART1.ASM   12-21-2021  11:26:20         PAGE  5


SYMBOL TABLE
  LABEL                             VALUE 

ACKDT                             00000005
ACKEN                             00000004
ACKSTAT                           00000006
ADCON0                            0000001F
ADCON1                            0000009F
ADCS0                             00000006
ADCS1                             00000007
ADCS2                             00000006
ADDEN                             00000003
ADFM                              00000007
ADIE                              00000006
ADIF                              00000006
ADON                              00000000
ADRESH                            0000001E
ADRESL                            0000009E
BAS                               00000069
BCLIE                             00000003
BCLIF                             00000003
BF                                00000000
BRGH                              00000002
C                                 00000000
C1INV                             00000004
C1OUT                             00000006
C2INV                             00000005
C2OUT                             00000007
CCP1CON                           00000017
CCP1IE                            00000002
CCP1IF                            00000002
CCP1M0                            00000000
CCP1M1                            00000001
CCP1M2                            00000002
CCP1M3                            00000003
CCP1X                             00000005
CCP1Y                             00000004
CCP2CON                           0000001D
CCP2IE                            00000000
CCP2IF                            00000000
CCP2M0                            00000000
CCP2M1                            00000001
CCP2M2                            00000002
CCP2M3                            00000003
CCP2X                             00000005
CCP2Y                             00000004
CCPR1                             00000015
CCPR1H                            00000016
CCPR1L                            00000015
CCPR2                             0000001B
CCPR2H                            0000001C
CCPR2L                            0000001B
CHS0                              00000003
CHS1                              00000004
CHS2                              00000005
CIK                               00000011
MPASM 5.84                        USART1.ASM   12-21-2021  11:26:20         PAGE  6


SYMBOL TABLE
  LABEL                             VALUE 

CIS                               00000003
CKE                               00000006
CKP                               00000004
CM0                               00000000
CM1                               00000001
CM2                               00000002
CMCON                             0000009C
CMIE                              00000006
CMIF                              00000006
CREN                              00000004
CSRC                              00000007
CVR0                              00000000
CVR1                              00000001
CVR2                              00000002
CVR3                              00000003
CVRCON                            0000009D
CVREN                             00000007
CVROE                             00000006
CVRR                              00000005
D                                 00000005
DATA_ADDRESS                      00000005
DC                                00000001
DD                                00000080
D_A                               00000005
D_NOT_A                           00000005
EEADR                             0000010D
EEADRH                            0000010F
EECON1                            0000018C
EECON2                            0000018D
EEDATA                            0000010C
EEDATH                            0000010E
EEIE                              00000004
EEIF                              00000004
EEPGD                             00000007
F                                 00000001
FERR                              00000002
FSR                               00000004
G1                                00000020
GCEN                              00000007
GECIKME_200USN                    00000018
GIE                               00000007
GO                                00000002
GO_DONE                           00000002
GO_NOT_DONE                       00000002
I2C_DATA                          00000005
I2C_READ                          00000002
I2C_START                         00000003
I2C_STOP                          00000004
IBF                               00000007
IBOV                              00000005
INDF                              00000000
INTCON                            0000000B
INTE                              00000004
MPASM 5.84                        USART1.ASM   12-21-2021  11:26:20         PAGE  7


SYMBOL TABLE
  LABEL                             VALUE 

INTEDG                            00000006
INTF                              00000001
IRP                               00000007
KESME_AYAR                        0000002C
LCD_AYAR                          00000035
LCD_GONDER                        00000052
LOOP                              0000001A
NOT_A                             00000005
NOT_ADDRESS                       00000005
NOT_BO                            00000000
NOT_BOR                           00000000
NOT_DONE                          00000002
NOT_PD                            00000003
NOT_POR                           00000001
NOT_RBPU                          00000007
NOT_RC8                           00000006
NOT_T1SYNC                        00000002
NOT_TO                            00000004
NOT_TX8                           00000006
NOT_W                             00000002
NOT_WRITE                         00000002
OBF                               00000006
OERR                              00000001
OPTION_REG                        00000081
P                                 00000004
PCFG0                             00000000
PCFG1                             00000001
PCFG2                             00000002
PCFG3                             00000003
PCL                               00000002
PCLATH                            0000000A
PCLATH_TEMP                       0000007F
PCON                              0000008E
PEIE                              00000006
PEN                               00000002
PIE1                              0000008C
PIE2                              0000008D
PIR1                              0000000C
PIR2                              0000000D
PORTA                             00000005
PORTB                             00000006
PORTC                             00000007
PORTD                             00000008
PORTE                             00000009
PR2                               00000092
PS0                               00000000
PS1                               00000001
PS2                               00000002
PSA                               00000003
PSPIE                             00000007
PSPIF                             00000007
PSPMODE                           00000004
R                                 00000002
MPASM 5.84                        USART1.ASM   12-21-2021  11:26:20         PAGE  8


SYMBOL TABLE
  LABEL                             VALUE 

RA0                               00000000
RA1                               00000001
RA2                               00000002
RA3                               00000003
RA4                               00000004
RA5                               00000005
RB0                               00000000
RB1                               00000001
RB2                               00000002
RB3                               00000003
RB4                               00000004
RB5                               00000005
RB6                               00000006
RB7                               00000007
RBIE                              00000003
RBIF                              00000000
RC0                               00000000
RC1                               00000001
RC2                               00000002
RC3                               00000003
RC4                               00000004
RC5                               00000005
RC6                               00000006
RC7                               00000007
RC8_9                             00000006
RC9                               00000006
RCD8                              00000000
RCEN                              00000003
RCIE                              00000005
RCIF                              00000005
RCREG                             0000001A
RCSTA                             00000018
RD                                00000000
RD0                               00000000
RD1                               00000001
RD2                               00000002
RD3                               00000003
RD4                               00000004
RD5                               00000005
RD6                               00000006
RD7                               00000007
RE0                               00000000
RE1                               00000001
RE2                               00000002
READ_WRITE                        00000002
RP0                               00000005
RP1                               00000006
RSEN                              00000001
RX9                               00000006
RX9D                              00000000
R_NOT_W                           00000002
R_W                               00000002
S                                 00000003
MPASM 5.84                        USART1.ASM   12-21-2021  11:26:20         PAGE  9


SYMBOL TABLE
  LABEL                             VALUE 

SEN                               00000000
SMP                               00000007
SPBRG                             00000099
SPEN                              00000007
SREN                              00000005
SS                                00000064
SSPADD                            00000093
SSPBUF                            00000013
SSPCON                            00000014
SSPCON2                           00000091
SSPEN                             00000005
SSPIE                             00000003
SSPIF                             00000003
SSPM0                             00000000
SSPM1                             00000001
SSPM2                             00000002
SSPM3                             00000003
SSPOV                             00000006
SSPSTAT                           00000094
STATUS                            00000003
STATUS_TEMP                       0000007E
SYNC                              00000004
T0CS                              00000005
T0IE                              00000005
T0IF                              00000002
T0SE                              00000004
T1CKPS0                           00000004
T1CKPS1                           00000005
T1CON                             00000010
T1INSYNC                          00000002
T1OSCEN                           00000003
T1SYNC                            00000002
T2CKPS0                           00000000
T2CKPS1                           00000001
T2CON                             00000012
TEMP                              00000022
TETIK                             0000004C
TMR0                              00000001
TMR0IE                            00000005
TMR0IF                            00000002
TMR1                              0000000E
TMR1CS                            00000001
TMR1H                             0000000F
TMR1IE                            00000000
TMR1IF                            00000000
TMR1L                             0000000E
TMR1ON                            00000000
TMR2                              00000011
TMR2IE                            00000001
TMR2IF                            00000001
TMR2ON                            00000002
TOUTPS0                           00000003
TOUTPS1                           00000004
MPASM 5.84                        USART1.ASM   12-21-2021  11:26:20         PAGE 10


SYMBOL TABLE
  LABEL                             VALUE 

TOUTPS2                           00000005
TOUTPS3                           00000006
TRISA                             00000085
TRISA0                            00000000
TRISA1                            00000001
TRISA2                            00000002
TRISA3                            00000003
TRISA4                            00000004
TRISA5                            00000005
TRISB                             00000086
TRISB0                            00000000
TRISB1                            00000001
TRISB2                            00000002
TRISB3                            00000003
TRISB4                            00000004
TRISB5                            00000005
TRISB6                            00000006
TRISB7                            00000007
TRISC                             00000087
TRISC0                            00000000
TRISC1                            00000001
TRISC2                            00000002
TRISC3                            00000003
TRISC4                            00000004
TRISC5                            00000005
TRISC6                            00000006
TRISC7                            00000007
TRISD                             00000088
TRISD0                            00000000
TRISD1                            00000001
TRISD2                            00000002
TRISD3                            00000003
TRISD4                            00000004
TRISD5                            00000005
TRISD6                            00000006
TRISD7                            00000007
TRISE                             00000089
TRISE0                            00000000
TRISE1                            00000001
TRISE2                            00000002
TRMT                              00000001
TX8_9                             00000006
TX9                               00000006
TX9D                              00000000
TXD8                              00000000
TXEN                              00000005
TXIE                              00000004
TXIF                              00000004
TXREG                             00000019
TXSTA                             00000098
UA                                00000001
USART_AYAR                        0000001D
VERI                              00000023
MPASM 5.84                        USART1.ASM   12-21-2021  11:26:20         PAGE 11


SYMBOL TABLE
  LABEL                             VALUE 

W                                 00000000
WCOL                              00000007
WR                                00000001
WREN                              00000002
WRERR                             00000003
W_TEMP                            0000007D
Z                                 00000002
_BODEN_OFF                        00003FBF
_BODEN_ON                         00003FFF
_BOREN_OFF                        00003FBF
_BOREN_ON                         00003FFF
_CONFIG                           00002007
_CPD_OFF                          00003FFF
_CPD_ON                           00003EFF
_CP_ALL                           00001FFF
_CP_OFF                           00003FFF
_CP_ON                            00001FFF
_DEBUG_OFF                        00003FFF
_DEBUG_ON                         000037FF
_DEVID1                           00002006
_FOSC_EXTRC                       00003FFF
_FOSC_HS                          00003FFE
_FOSC_LP                          00003FFC
_FOSC_XT                          00003FFD
_HS_OSC                           00003FFE
_IDLOC0                           00002000
_IDLOC1                           00002001
_IDLOC2                           00002002
_IDLOC3                           00002003
_LP_OSC                           00003FFC
_LVP_OFF                          00003F7F
_LVP_ON                           00003FFF
_PWRTE_OFF                        00003FFF
_PWRTE_ON                         00003FF7
_RC_OSC                           00003FFF
_WDTE_OFF                         00003FFB
_WDTE_ON                          00003FFF
_WDT_OFF                          00003FFB
_WDT_ON                           00003FFF
_WRT_1FOURTH                      00003BFF
_WRT_256                          00003DFF
_WRT_HALF                         000039FF
_WRT_OFF                          00003FFF
_XT_OSC                           00003FFD
__16F877A                         00000001

Errors   :     0
Warnings :     1 reported,     0 suppressed
Messages :     6 reported,     0 suppressed

